Comparsion of /adaqfs/home/a-onl/gmp/scaler/hana_scaler and /adaqfs/home/a-onl/gmp/scaler/hana_scaler/save_27feb11 at Fri Mar  7 13:06:10 EST 2014
< in /adaqfs/home/a-onl/gmp/scaler/hana_scaler,  > in /adaqfs/home/a-onl/gmp/scaler/hana_scaler/save_27feb11
 
****** file: /adaqfs/home/a-onl/gmp/scaler/hana_scaler/haScal_LinkDef.h ******
 
****** file: /adaqfs/home/a-onl/gmp/scaler/hana_scaler/Makefile ******
 
84c84
<     CXXFLG       += -Wall -Woverloaded-virtual -fPIC 
---
>     CXXFLG       += -Wall -Woverloaded-virtual -fPIC
129c129
< CXXFLAGS     += $(CXXFLG) $(INCLUDES) $(DEFINES) 
---
> CXXFLAGS     += $(CXXFLG) $(INCLUDES) $(DEFINES)
****** file: /adaqfs/home/a-onl/gmp/scaler/hana_scaler/THaScalDict.C ******
 
2c2
< // File generated by /opt/ROOT/pro/bin/rootcint at Wed Feb 19 13:19:43 2014
---
> // File generated by /opt/ROOT/pro/bin/rootcint at Wed Aug 19 09:31:24 2009
7d6
< #define R__DICTIONARY_FILENAME THaScalDict
31d29
< #include "TFileMergeInfo.h"
87c85
<    void THaScalerDB_ShowMembers(void *obj, TMemberInspector &R__insp);
---
>    void THaScalerDB_ShowMembers(void *obj, TMemberInspector &R__insp, char *R__parent);
100c98
<          instance("THaScalerDB", ::THaScalerDB::Class_Version(), "./THaScalerDB.h", 231,
---
>          instance("THaScalerDB", ::THaScalerDB::Class_Version(), "THaScalerDB.h", 230,
120c118
<    void THaScaler_ShowMembers(void *obj, TMemberInspector &R__insp);
---
>    void THaScaler_ShowMembers(void *obj, TMemberInspector &R__insp, char *R__parent);
134c132
<          instance("THaScaler", "./THaScaler.h", 38,
---
>          instance("THaScaler", "THaScaler.h", 38,
136c134
<                   &THaScaler_ShowMembers, &THaScaler_Dictionary, isa_proxy, 4,
---
>                   (void*)&THaScaler_ShowMembers, &THaScaler_Dictionary, isa_proxy, 4,
193c191
<    void THaScaler_ShowMembers(void *obj, TMemberInspector &R__insp)
---
>    void THaScaler_ShowMembers(void *obj, TMemberInspector &R__insp, char *R__parent)
201,240c199,243
<       if (R__cl || R__insp.IsA()) { }
<       R__insp.Inspect(R__cl, R__insp.GetParent(), "bankgroup", (void*)&sobj->bankgroup);
<       R__insp.InspectMember("string", (void*)&sobj->bankgroup, "bankgroup.", false);
<       R__insp.Inspect(R__cl, R__insp.GetParent(), "*fcodafile", &sobj->fcodafile);
<       R__insp.Inspect(R__cl, R__insp.GetParent(), "onlmap", (void*)&sobj->onlmap);
<       R__insp.InspectMember("vector<Int_t>", (void*)&sobj->onlmap, "onlmap.", false);
<       R__insp.Inspect(R__cl, R__insp.GetParent(), "*database", &sobj->database);
<       R__insp.Inspect(R__cl, R__insp.GetParent(), "normmap", (void*)&sobj->normmap);
<       R__insp.InspectMember("multimap<std::string,Int_t>", (void*)&sobj->normmap, "normmap.", false);
<       R__insp.Inspect(R__cl, R__insp.GetParent(), "*rawdata", &sobj->rawdata);
<       R__insp.Inspect(R__cl, R__insp.GetParent(), "coda_open", &sobj->coda_open);
<       R__insp.Inspect(R__cl, R__insp.GetParent(), "header", &sobj->header);
<       R__insp.Inspect(R__cl, R__insp.GetParent(), "crate", &sobj->crate);
<       R__insp.Inspect(R__cl, R__insp.GetParent(), "evstr_type", &sobj->evstr_type);
<       R__insp.Inspect(R__cl, R__insp.GetParent(), "vme_server", (void*)&sobj->vme_server);
<       R__insp.InspectMember("string", (void*)&sobj->vme_server, "vme_server.", false);
<       R__insp.Inspect(R__cl, R__insp.GetParent(), "vme_port", &sobj->vme_port);
<       R__insp.Inspect(R__cl, R__insp.GetParent(), "clkslot", &sobj->clkslot);
<       R__insp.Inspect(R__cl, R__insp.GetParent(), "clkchan", &sobj->clkchan);
<       R__insp.Inspect(R__cl, R__insp.GetParent(), "found_crate", &sobj->found_crate);
<       R__insp.Inspect(R__cl, R__insp.GetParent(), "first_loop", &sobj->first_loop);
<       R__insp.Inspect(R__cl, R__insp.GetParent(), "did_init", &sobj->did_init);
<       R__insp.Inspect(R__cl, R__insp.GetParent(), "new_load", &sobj->new_load);
<       R__insp.Inspect(R__cl, R__insp.GetParent(), "one_load", &sobj->one_load);
<       R__insp.Inspect(R__cl, R__insp.GetParent(), "use_clock", &sobj->use_clock);
<       R__insp.Inspect(R__cl, R__insp.GetParent(), "*normslot", &sobj->normslot);
<       R__insp.Inspect(R__cl, R__insp.GetParent(), "clockrate", &sobj->clockrate);
<       R__insp.Inspect(R__cl, R__insp.GetParent(), "calib_u1", &sobj->calib_u1);
<       R__insp.Inspect(R__cl, R__insp.GetParent(), "calib_u3", &sobj->calib_u3);
<       R__insp.Inspect(R__cl, R__insp.GetParent(), "calib_u10", &sobj->calib_u10);
<       R__insp.Inspect(R__cl, R__insp.GetParent(), "calib_d1", &sobj->calib_d1);
<       R__insp.Inspect(R__cl, R__insp.GetParent(), "calib_d3", &sobj->calib_d3);
<       R__insp.Inspect(R__cl, R__insp.GetParent(), "calib_d10", &sobj->calib_d10);
<       R__insp.Inspect(R__cl, R__insp.GetParent(), "off_u1", &sobj->off_u1);
<       R__insp.Inspect(R__cl, R__insp.GetParent(), "off_u3", &sobj->off_u3);
<       R__insp.Inspect(R__cl, R__insp.GetParent(), "off_u10", &sobj->off_u10);
<       R__insp.Inspect(R__cl, R__insp.GetParent(), "off_d1", &sobj->off_d1);
<       R__insp.Inspect(R__cl, R__insp.GetParent(), "off_d3", &sobj->off_d3);
<       R__insp.Inspect(R__cl, R__insp.GetParent(), "off_d10", &sobj->off_d10);
<       sobj->TObject::ShowMembers(R__insp);
---
>       Int_t R__ncp = strlen(R__parent);
>       if (R__ncp || R__cl || R__insp.IsA()) { }
>       R__insp.Inspect(R__cl, R__parent, "bankgroup", (void*)&sobj->bankgroup);
>       ::ROOT::GenericShowMembers("string", (void*)&sobj->bankgroup, R__insp, strcat(R__parent,"bankgroup."),false);
>       R__parent[R__ncp] = 0;
>       R__insp.Inspect(R__cl, R__parent, "*fcodafile", &sobj->fcodafile);
>       R__insp.Inspect(R__cl, R__parent, "onlmap", (void*)&sobj->onlmap);
>       ::ROOT::GenericShowMembers("vector<Int_t>", (void*)&sobj->onlmap, R__insp, strcat(R__parent,"onlmap."),false);
>       R__parent[R__ncp] = 0;
>       R__insp.Inspect(R__cl, R__parent, "*database", &sobj->database);
>       R__insp.Inspect(R__cl, R__parent, "normmap", (void*)&sobj->normmap);
>       ::ROOT::GenericShowMembers("multimap<std::string,Int_t>", (void*)&sobj->normmap, R__insp, strcat(R__parent,"normmap."),false);
>       R__parent[R__ncp] = 0;
>       R__insp.Inspect(R__cl, R__parent, "*rawdata", &sobj->rawdata);
>       R__insp.Inspect(R__cl, R__parent, "coda_open", &sobj->coda_open);
>       R__insp.Inspect(R__cl, R__parent, "header", &sobj->header);
>       R__insp.Inspect(R__cl, R__parent, "crate", &sobj->crate);
>       R__insp.Inspect(R__cl, R__parent, "evstr_type", &sobj->evstr_type);
>       R__insp.Inspect(R__cl, R__parent, "vme_server", (void*)&sobj->vme_server);
>       ::ROOT::GenericShowMembers("string", (void*)&sobj->vme_server, R__insp, strcat(R__parent,"vme_server."),false);
>       R__parent[R__ncp] = 0;
>       R__insp.Inspect(R__cl, R__parent, "vme_port", &sobj->vme_port);
>       R__insp.Inspect(R__cl, R__parent, "clkslot", &sobj->clkslot);
>       R__insp.Inspect(R__cl, R__parent, "clkchan", &sobj->clkchan);
>       R__insp.Inspect(R__cl, R__parent, "found_crate", &sobj->found_crate);
>       R__insp.Inspect(R__cl, R__parent, "first_loop", &sobj->first_loop);
>       R__insp.Inspect(R__cl, R__parent, "did_init", &sobj->did_init);
>       R__insp.Inspect(R__cl, R__parent, "new_load", &sobj->new_load);
>       R__insp.Inspect(R__cl, R__parent, "one_load", &sobj->one_load);
>       R__insp.Inspect(R__cl, R__parent, "use_clock", &sobj->use_clock);
>       R__insp.Inspect(R__cl, R__parent, "*normslot", &sobj->normslot);
>       R__insp.Inspect(R__cl, R__parent, "clockrate", &sobj->clockrate);
>       R__insp.Inspect(R__cl, R__parent, "calib_u1", &sobj->calib_u1);
>       R__insp.Inspect(R__cl, R__parent, "calib_u3", &sobj->calib_u3);
>       R__insp.Inspect(R__cl, R__parent, "calib_u10", &sobj->calib_u10);
>       R__insp.Inspect(R__cl, R__parent, "calib_d1", &sobj->calib_d1);
>       R__insp.Inspect(R__cl, R__parent, "calib_d3", &sobj->calib_d3);
>       R__insp.Inspect(R__cl, R__parent, "calib_d10", &sobj->calib_d10);
>       R__insp.Inspect(R__cl, R__parent, "off_u1", &sobj->off_u1);
>       R__insp.Inspect(R__cl, R__parent, "off_u3", &sobj->off_u3);
>       R__insp.Inspect(R__cl, R__parent, "off_u10", &sobj->off_u10);
>       R__insp.Inspect(R__cl, R__parent, "off_d1", &sobj->off_d1);
>       R__insp.Inspect(R__cl, R__parent, "off_d3", &sobj->off_d3);
>       R__insp.Inspect(R__cl, R__parent, "off_d10", &sobj->off_d10);
>       sobj->TObject::ShowMembers(R__insp, R__parent);
272c275
< void THaScalerDB::ShowMembers(TMemberInspector &R__insp)
---
> void THaScalerDB::ShowMembers(TMemberInspector &R__insp, char *R__parent)
276,291c279,301
<       if (R__cl || R__insp.IsA()) { }
<       R__insp.Inspect(R__cl, R__insp.GetParent(), "found_date", &found_date);
<       R__insp.Inspect(R__cl, R__insp.GetParent(), "fgnfar", &fgnfar);
<       R__insp.Inspect(R__cl, R__insp.GetParent(), "scomment", (void*)&scomment);
<       R__insp.InspectMember("string", (void*)&scomment, "scomment.", false);
<       R__insp.Inspect(R__cl, R__insp.GetParent(), "sdate", (void*)&sdate);
<       R__insp.InspectMember("string", (void*)&sdate, "sdate.", false);
<       R__insp.Inspect(R__cl, R__insp.GetParent(), "directnames", (void*)&directnames);
<       R__insp.InspectMember("vector<std::string>", (void*)&directnames, "directnames.", false);
<       R__insp.Inspect(R__cl, R__insp.GetParent(), "chanmap", (void*)&chanmap);
<       R__insp.InspectMember("map<SDB_chanKey,SDB_chanDesc>", (void*)&chanmap, "chanmap.", false);
<       R__insp.Inspect(R__cl, R__insp.GetParent(), "crate_strtoi", (void*)&crate_strtoi);
<       R__insp.InspectMember("map<std::string,Int_t>", (void*)&crate_strtoi, "crate_strtoi.", false);
<       R__insp.Inspect(R__cl, R__insp.GetParent(), "channame", (void*)&channame);
<       R__insp.InspectMember("map<std::pair<std::pair<Int_t,Int_t>,Int_t>,std::vector<std::string> >", (void*)&channame, "channame.", false);
<       R__insp.Inspect(R__cl, R__insp.GetParent(), "*direct", &direct);
---
>       Int_t R__ncp = strlen(R__parent);
>       if (R__ncp || R__cl || R__insp.IsA()) { }
>       R__insp.Inspect(R__cl, R__parent, "found_date", &found_date);
>       R__insp.Inspect(R__cl, R__parent, "fgnfar", &fgnfar);
>       R__insp.Inspect(R__cl, R__parent, "scomment", (void*)&scomment);
>       ::ROOT::GenericShowMembers("string", (void*)&scomment, R__insp, strcat(R__parent,"scomment."),false);
>       R__parent[R__ncp] = 0;
>       R__insp.Inspect(R__cl, R__parent, "sdate", (void*)&sdate);
>       ::ROOT::GenericShowMembers("string", (void*)&sdate, R__insp, strcat(R__parent,"sdate."),false);
>       R__parent[R__ncp] = 0;
>       R__insp.Inspect(R__cl, R__parent, "directnames", (void*)&directnames);
>       ::ROOT::GenericShowMembers("vector<std::string>", (void*)&directnames, R__insp, strcat(R__parent,"directnames."),false);
>       R__parent[R__ncp] = 0;
>       R__insp.Inspect(R__cl, R__parent, "chanmap", (void*)&chanmap);
>       ::ROOT::GenericShowMembers("map<SDB_chanKey,SDB_chanDesc>", (void*)&chanmap, R__insp, strcat(R__parent,"chanmap."),false);
>       R__parent[R__ncp] = 0;
>       R__insp.Inspect(R__cl, R__parent, "crate_strtoi", (void*)&crate_strtoi);
>       ::ROOT::GenericShowMembers("map<std::string,Int_t>", (void*)&crate_strtoi, R__insp, strcat(R__parent,"crate_strtoi."),false);
>       R__parent[R__ncp] = 0;
>       R__insp.Inspect(R__cl, R__parent, "channame", (void*)&channame);
>       ::ROOT::GenericShowMembers("map<std::pair<std::pair<Int_t,Int_t>,Int_t>,std::vector<std::string> >", (void*)&channame, R__insp, strcat(R__parent,"channame."),false);
>       R__parent[R__ncp] = 0;
>       R__insp.Inspect(R__cl, R__parent, "*direct", &direct);
316c326
<    void multimaplEstringcOintgR_ShowMembers(void *obj, TMemberInspector &R__insp);
---
>    void multimaplEstringcOintgR_ShowMembers(void *obj, TMemberInspector &R__insp, char *R__parent);
374c384
<    void vectorlEintgR_ShowMembers(void *obj, TMemberInspector &R__insp);
---
>    void vectorlEintgR_ShowMembers(void *obj, TMemberInspector &R__insp, char *R__parent);
388c398
<          instance("vector<int>", -2, "prec_stl/vector", 49,
---
>          instance("vector<int>", -2, "/adaqfs/apps/ROOT/5.20-00/cint/cint/lib/prec_stl/vector", 49,
443c453
< #if defined(__GNUC__) && __GNUC__ >= 4 && ((__GNUC_MINOR__ == 2 && __GNUC_PATCHLEVEL__ >= 1) || (__GNUC_MINOR__ >= 3))
---
> #if defined(__GNUC__) && (__GNUC__ > 3) && (__GNUC_MINOR__ > 1)
465c475
< static int G__THaScalDict_413_0_1(G__value* result7, G__CONST char* funcname, struct G__param* libp, int hash)
---
> static int G__THaScalDict_388_0_1(G__value* result7, G__CONST char* funcname, struct G__param* libp, int hash)
485c495,496
<    G__set_tagnum(result7,G__get_linked_tagnum(&G__THaScalDictLN_THaScalerDB));
---
>    result7->type = 'u';
>    result7->tagnum = G__get_linked_tagnum(&G__THaScalDictLN_THaScalerDB);
489c500
< static int G__THaScalDict_413_0_2(G__value* result7, G__CONST char* funcname, struct G__param* libp, int hash)
---
> static int G__THaScalDict_388_0_2(G__value* result7, G__CONST char* funcname, struct G__param* libp, int hash)
495c506
< static int G__THaScalDict_413_0_3(G__value* result7, G__CONST char* funcname, struct G__param* libp, int hash)
---
> static int G__THaScalDict_388_0_3(G__value* result7, G__CONST char* funcname, struct G__param* libp, int hash)
523c534
< static int G__THaScalDict_413_0_4(G__value* result7, G__CONST char* funcname, struct G__param* libp, int hash)
---
> static int G__THaScalDict_388_0_4(G__value* result7, G__CONST char* funcname, struct G__param* libp, int hash)
525c536
<       G__letint(result7, 107, (long) ((THaScalerDB*) G__getstructoffset())->FindNoCase(*((const string*) G__int(libp->para[0])), *((const string*) G__int(libp->para[1]))));
---
>       G__letint(result7, 104, (long) ((THaScalerDB*) G__getstructoffset())->FindNoCase(*((const string*) G__int(libp->para[0])), *((const string*) G__int(libp->para[1]))));
529c540
< static int G__THaScalDict_413_0_5(G__value* result7, G__CONST char* funcname, struct G__param* libp, int hash)
---
> static int G__THaScalDict_388_0_5(G__value* result7, G__CONST char* funcname, struct G__param* libp, int hash)
543c554
< static int G__THaScalDict_413_0_6(G__value* result7, G__CONST char* funcname, struct G__param* libp, int hash)
---
> static int G__THaScalDict_388_0_6(G__value* result7, G__CONST char* funcname, struct G__param* libp, int hash)
561c572
< static int G__THaScalDict_413_0_7(G__value* result7, G__CONST char* funcname, struct G__param* libp, int hash)
---
> static int G__THaScalDict_388_0_7(G__value* result7, G__CONST char* funcname, struct G__param* libp, int hash)
575c586
< static int G__THaScalDict_413_0_8(G__value* result7, G__CONST char* funcname, struct G__param* libp, int hash)
---
> static int G__THaScalDict_388_0_8(G__value* result7, G__CONST char* funcname, struct G__param* libp, int hash)
581c592
< static int G__THaScalDict_413_0_9(G__value* result7, G__CONST char* funcname, struct G__param* libp, int hash)
---
> static int G__THaScalDict_388_0_9(G__value* result7, G__CONST char* funcname, struct G__param* libp, int hash)
588c599
< static int G__THaScalDict_413_0_10(G__value* result7, G__CONST char* funcname, struct G__param* libp, int hash)
---
> static int G__THaScalDict_388_0_10(G__value* result7, G__CONST char* funcname, struct G__param* libp, int hash)
602c613
< static int G__THaScalDict_413_0_11(G__value* result7, G__CONST char* funcname, struct G__param* libp, int hash)
---
> static int G__THaScalDict_388_0_11(G__value* result7, G__CONST char* funcname, struct G__param* libp, int hash)
609c620
< static int G__THaScalDict_413_0_12(G__value* result7, G__CONST char* funcname, struct G__param* libp, int hash)
---
> static int G__THaScalDict_388_0_12(G__value* result7, G__CONST char* funcname, struct G__param* libp, int hash)
615c626
< static int G__THaScalDict_413_0_13(G__value* result7, G__CONST char* funcname, struct G__param* libp, int hash)
---
> static int G__THaScalDict_388_0_13(G__value* result7, G__CONST char* funcname, struct G__param* libp, int hash)
622c633
< static int G__THaScalDict_413_0_14(G__value* result7, G__CONST char* funcname, struct G__param* libp, int hash)
---
> static int G__THaScalDict_388_0_14(G__value* result7, G__CONST char* funcname, struct G__param* libp, int hash)
629c640
< static int G__THaScalDict_413_0_27(G__value* result7, G__CONST char* funcname, struct G__param* libp, int hash)
---
> static int G__THaScalDict_388_0_27(G__value* result7, G__CONST char* funcname, struct G__param* libp, int hash)
635c646
< static int G__THaScalDict_413_0_28(G__value* result7, G__CONST char* funcname, struct G__param* libp, int hash)
---
> static int G__THaScalDict_388_0_28(G__value* result7, G__CONST char* funcname, struct G__param* libp, int hash)
641c652
< static int G__THaScalDict_413_0_29(G__value* result7, G__CONST char* funcname, struct G__param* libp, int hash)
---
> static int G__THaScalDict_388_0_29(G__value* result7, G__CONST char* funcname, struct G__param* libp, int hash)
647c658
< static int G__THaScalDict_413_0_30(G__value* result7, G__CONST char* funcname, struct G__param* libp, int hash)
---
> static int G__THaScalDict_388_0_30(G__value* result7, G__CONST char* funcname, struct G__param* libp, int hash)
654c665
< static int G__THaScalDict_413_0_31(G__value* result7, G__CONST char* funcname, struct G__param* libp, int hash)
---
> static int G__THaScalDict_388_0_31(G__value* result7, G__CONST char* funcname, struct G__param* libp, int hash)
660c671
< static int G__THaScalDict_413_0_32(G__value* result7, G__CONST char* funcname, struct G__param* libp, int hash)
---
> static int G__THaScalDict_388_0_32(G__value* result7, G__CONST char* funcname, struct G__param* libp, int hash)
662c673
<       ((THaScalerDB*) G__getstructoffset())->ShowMembers(*(TMemberInspector*) libp->para[0].ref);
---
>       ((THaScalerDB*) G__getstructoffset())->ShowMembers(*(TMemberInspector*) libp->para[0].ref, (char*) G__int(libp->para[1]));
667c678
< static int G__THaScalDict_413_0_33(G__value* result7, G__CONST char* funcname, struct G__param* libp, int hash)
---
> static int G__THaScalDict_388_0_33(G__value* result7, G__CONST char* funcname, struct G__param* libp, int hash)
674c685
< static int G__THaScalDict_413_0_34(G__value* result7, G__CONST char* funcname, struct G__param* libp, int hash)
---
> static int G__THaScalDict_388_0_34(G__value* result7, G__CONST char* funcname, struct G__param* libp, int hash)
681c692
< static int G__THaScalDict_413_0_35(G__value* result7, G__CONST char* funcname, struct G__param* libp, int hash)
---
> static int G__THaScalDict_388_0_35(G__value* result7, G__CONST char* funcname, struct G__param* libp, int hash)
687c698
< static int G__THaScalDict_413_0_36(G__value* result7, G__CONST char* funcname, struct G__param* libp, int hash)
---
> static int G__THaScalDict_388_0_36(G__value* result7, G__CONST char* funcname, struct G__param* libp, int hash)
693c704
< static int G__THaScalDict_413_0_37(G__value* result7, G__CONST char* funcname, struct G__param* libp, int hash)
---
> static int G__THaScalDict_388_0_37(G__value* result7, G__CONST char* funcname, struct G__param* libp, int hash)
699c710
< static int G__THaScalDict_413_0_38(G__value* result7, G__CONST char* funcname, struct G__param* libp, int hash)
---
> static int G__THaScalDict_388_0_38(G__value* result7, G__CONST char* funcname, struct G__param* libp, int hash)
707c718
< static int G__THaScalDict_413_0_39(G__value* result7, G__CONST char* funcname, struct G__param* libp, int hash)
---
> static int G__THaScalDict_388_0_39(G__value* result7, G__CONST char* funcname, struct G__param* libp, int hash)
745c756
< static int G__THaScalDict_417_0_1(G__value* result7, G__CONST char* funcname, struct G__param* libp, int hash)
---
> static int G__THaScalDict_392_0_1(G__value* result7, G__CONST char* funcname, struct G__param* libp, int hash)
757c768,769
<    G__set_tagnum(result7,G__get_linked_tagnum(&G__THaScalDictLN_THaScaler));
---
>    result7->type = 'u';
>    result7->tagnum = G__get_linked_tagnum(&G__THaScalDictLN_THaScaler);
761c773
< static int G__THaScalDict_417_0_2(G__value* result7, G__CONST char* funcname, struct G__param* libp, int hash)
---
> static int G__THaScalDict_392_0_2(G__value* result7, G__CONST char* funcname, struct G__param* libp, int hash)
774c786
< static int G__THaScalDict_417_0_3(G__value* result7, G__CONST char* funcname, struct G__param* libp, int hash)
---
> static int G__THaScalDict_392_0_3(G__value* result7, G__CONST char* funcname, struct G__param* libp, int hash)
780c792
< static int G__THaScalDict_417_0_4(G__value* result7, G__CONST char* funcname, struct G__param* libp, int hash)
---
> static int G__THaScalDict_392_0_4(G__value* result7, G__CONST char* funcname, struct G__param* libp, int hash)
786c798
< static int G__THaScalDict_417_0_5(G__value* result7, G__CONST char* funcname, struct G__param* libp, int hash)
---
> static int G__THaScalDict_392_0_5(G__value* result7, G__CONST char* funcname, struct G__param* libp, int hash)
792c804
< static int G__THaScalDict_417_0_6(G__value* result7, G__CONST char* funcname, struct G__param* libp, int hash)
---
> static int G__THaScalDict_392_0_6(G__value* result7, G__CONST char* funcname, struct G__param* libp, int hash)
798c810
< static int G__THaScalDict_417_0_7(G__value* result7, G__CONST char* funcname, struct G__param* libp, int hash)
---
> static int G__THaScalDict_392_0_7(G__value* result7, G__CONST char* funcname, struct G__param* libp, int hash)
804c816
< static int G__THaScalDict_417_0_8(G__value* result7, G__CONST char* funcname, struct G__param* libp, int hash)
---
> static int G__THaScalDict_392_0_8(G__value* result7, G__CONST char* funcname, struct G__param* libp, int hash)
810c822
< static int G__THaScalDict_417_0_9(G__value* result7, G__CONST char* funcname, struct G__param* libp, int hash)
---
> static int G__THaScalDict_392_0_9(G__value* result7, G__CONST char* funcname, struct G__param* libp, int hash)
816c828
< static int G__THaScalDict_417_0_10(G__value* result7, G__CONST char* funcname, struct G__param* libp, int hash)
---
> static int G__THaScalDict_392_0_10(G__value* result7, G__CONST char* funcname, struct G__param* libp, int hash)
822c834
< static int G__THaScalDict_417_0_11(G__value* result7, G__CONST char* funcname, struct G__param* libp, int hash)
---
> static int G__THaScalDict_392_0_11(G__value* result7, G__CONST char* funcname, struct G__param* libp, int hash)
828c840
< static int G__THaScalDict_417_0_13(G__value* result7, G__CONST char* funcname, struct G__param* libp, int hash)
---
> static int G__THaScalDict_392_0_13(G__value* result7, G__CONST char* funcname, struct G__param* libp, int hash)
835c847
< static int G__THaScalDict_417_0_15(G__value* result7, G__CONST char* funcname, struct G__param* libp, int hash)
---
> static int G__THaScalDict_392_0_15(G__value* result7, G__CONST char* funcname, struct G__param* libp, int hash)
841c853
< static int G__THaScalDict_417_0_16(G__value* result7, G__CONST char* funcname, struct G__param* libp, int hash)
---
> static int G__THaScalDict_392_0_16(G__value* result7, G__CONST char* funcname, struct G__param* libp, int hash)
855c867
< static int G__THaScalDict_417_0_17(G__value* result7, G__CONST char* funcname, struct G__param* libp, int hash)
---
> static int G__THaScalDict_392_0_17(G__value* result7, G__CONST char* funcname, struct G__param* libp, int hash)
861c873
< static int G__THaScalDict_417_0_18(G__value* result7, G__CONST char* funcname, struct G__param* libp, int hash)
---
> static int G__THaScalDict_392_0_18(G__value* result7, G__CONST char* funcname, struct G__param* libp, int hash)
876c888
< static int G__THaScalDict_417_0_19(G__value* result7, G__CONST char* funcname, struct G__param* libp, int hash)
---
> static int G__THaScalDict_392_0_19(G__value* result7, G__CONST char* funcname, struct G__param* libp, int hash)
882c894
< static int G__THaScalDict_417_0_20(G__value* result7, G__CONST char* funcname, struct G__param* libp, int hash)
---
> static int G__THaScalDict_392_0_20(G__value* result7, G__CONST char* funcname, struct G__param* libp, int hash)
888c900
< static int G__THaScalDict_417_0_21(G__value* result7, G__CONST char* funcname, struct G__param* libp, int hash)
---
> static int G__THaScalDict_392_0_21(G__value* result7, G__CONST char* funcname, struct G__param* libp, int hash)
894c906
< static int G__THaScalDict_417_0_22(G__value* result7, G__CONST char* funcname, struct G__param* libp, int hash)
---
> static int G__THaScalDict_392_0_22(G__value* result7, G__CONST char* funcname, struct G__param* libp, int hash)
908c920
< static int G__THaScalDict_417_0_23(G__value* result7, G__CONST char* funcname, struct G__param* libp, int hash)
---
> static int G__THaScalDict_392_0_23(G__value* result7, G__CONST char* funcname, struct G__param* libp, int hash)
922c934
< static int G__THaScalDict_417_0_24(G__value* result7, G__CONST char* funcname, struct G__param* libp, int hash)
---
> static int G__THaScalDict_392_0_24(G__value* result7, G__CONST char* funcname, struct G__param* libp, int hash)
936c948
< static int G__THaScalDict_417_0_25(G__value* result7, G__CONST char* funcname, struct G__param* libp, int hash)
---
> static int G__THaScalDict_392_0_25(G__value* result7, G__CONST char* funcname, struct G__param* libp, int hash)
950c962
< static int G__THaScalDict_417_0_26(G__value* result7, G__CONST char* funcname, struct G__param* libp, int hash)
---
> static int G__THaScalDict_392_0_26(G__value* result7, G__CONST char* funcname, struct G__param* libp, int hash)
964c976
< static int G__THaScalDict_417_0_27(G__value* result7, G__CONST char* funcname, struct G__param* libp, int hash)
---
> static int G__THaScalDict_392_0_27(G__value* result7, G__CONST char* funcname, struct G__param* libp, int hash)
970c982
< static int G__THaScalDict_417_0_28(G__value* result7, G__CONST char* funcname, struct G__param* libp, int hash)
---
> static int G__THaScalDict_392_0_28(G__value* result7, G__CONST char* funcname, struct G__param* libp, int hash)
977c989
< static int G__THaScalDict_417_0_29(G__value* result7, G__CONST char* funcname, struct G__param* libp, int hash)
---
> static int G__THaScalDict_392_0_29(G__value* result7, G__CONST char* funcname, struct G__param* libp, int hash)
983c995
< static int G__THaScalDict_417_0_30(G__value* result7, G__CONST char* funcname, struct G__param* libp, int hash)
---
> static int G__THaScalDict_392_0_30(G__value* result7, G__CONST char* funcname, struct G__param* libp, int hash)
989c1001
< static int G__THaScalDict_417_0_31(G__value* result7, G__CONST char* funcname, struct G__param* libp, int hash)
---
> static int G__THaScalDict_392_0_31(G__value* result7, G__CONST char* funcname, struct G__param* libp, int hash)
995c1007
< static int G__THaScalDict_417_0_32(G__value* result7, G__CONST char* funcname, struct G__param* libp, int hash)
---
> static int G__THaScalDict_392_0_32(G__value* result7, G__CONST char* funcname, struct G__param* libp, int hash)
1001c1013
< static int G__THaScalDict_417_0_33(G__value* result7, G__CONST char* funcname, struct G__param* libp, int hash)
---
> static int G__THaScalDict_392_0_33(G__value* result7, G__CONST char* funcname, struct G__param* libp, int hash)
1007c1019
< static int G__THaScalDict_417_0_34(G__value* result7, G__CONST char* funcname, struct G__param* libp, int hash)
---
> static int G__THaScalDict_392_0_34(G__value* result7, G__CONST char* funcname, struct G__param* libp, int hash)
1013c1025
< static int G__THaScalDict_417_0_35(G__value* result7, G__CONST char* funcname, struct G__param* libp, int hash)
---
> static int G__THaScalDict_392_0_35(G__value* result7, G__CONST char* funcname, struct G__param* libp, int hash)
1019c1031
< static int G__THaScalDict_417_0_36(G__value* result7, G__CONST char* funcname, struct G__param* libp, int hash)
---
> static int G__THaScalDict_392_0_36(G__value* result7, G__CONST char* funcname, struct G__param* libp, int hash)
1025c1037
< static int G__THaScalDict_417_0_37(G__value* result7, G__CONST char* funcname, struct G__param* libp, int hash)
---
> static int G__THaScalDict_392_0_37(G__value* result7, G__CONST char* funcname, struct G__param* libp, int hash)
1031c1043
< static int G__THaScalDict_417_0_38(G__value* result7, G__CONST char* funcname, struct G__param* libp, int hash)
---
> static int G__THaScalDict_392_0_38(G__value* result7, G__CONST char* funcname, struct G__param* libp, int hash)
1037c1049
< static int G__THaScalDict_417_0_39(G__value* result7, G__CONST char* funcname, struct G__param* libp, int hash)
---
> static int G__THaScalDict_392_0_39(G__value* result7, G__CONST char* funcname, struct G__param* libp, int hash)
1044c1056
< static int G__THaScalDict_417_0_40(G__value* result7, G__CONST char* funcname, struct G__param* libp, int hash)
---
> static int G__THaScalDict_392_0_40(G__value* result7, G__CONST char* funcname, struct G__param* libp, int hash)
1051c1063
< static int G__THaScalDict_417_0_41(G__value* result7, G__CONST char* funcname, struct G__param* libp, int hash)
---
> static int G__THaScalDict_392_0_41(G__value* result7, G__CONST char* funcname, struct G__param* libp, int hash)
1058c1070
< static int G__THaScalDict_417_0_42(G__value* result7, G__CONST char* funcname, struct G__param* libp, int hash)
---
> static int G__THaScalDict_392_0_42(G__value* result7, G__CONST char* funcname, struct G__param* libp, int hash)
1065c1077
< static int G__THaScalDict_417_0_43(G__value* result7, G__CONST char* funcname, struct G__param* libp, int hash)
---
> static int G__THaScalDict_392_0_43(G__value* result7, G__CONST char* funcname, struct G__param* libp, int hash)
1072c1084
< static int G__THaScalDict_417_0_44(G__value* result7, G__CONST char* funcname, struct G__param* libp, int hash)
---
> static int G__THaScalDict_392_0_44(G__value* result7, G__CONST char* funcname, struct G__param* libp, int hash)
1085c1097
< static int G__THaScalDict_417_0_45(G__value* result7, G__CONST char* funcname, struct G__param* libp, int hash)
---
> static int G__THaScalDict_392_0_45(G__value* result7, G__CONST char* funcname, struct G__param* libp, int hash)
1102c1114
< static int G__THaScalDict_417_0_46(G__value* result7, G__CONST char* funcname, struct G__param* libp, int hash)
---
> static int G__THaScalDict_392_0_46(G__value* result7, G__CONST char* funcname, struct G__param* libp, int hash)
1110c1122
< static int G__THaScalDict_417_0_60(G__value* result7, G__CONST char* funcname, struct G__param* libp, int hash)
---
> static int G__THaScalDict_392_0_60(G__value* result7, G__CONST char* funcname, struct G__param* libp, int hash)
1209a1222,1223
>    G__search_typename2("UInt_t",104,-1,0,-1);
>    G__setnewtype(-1,"Unsigned integer 4 bytes (unsigned int)",0);
1216,1227d1229
<    G__search_typename2("vector<ROOT::TSchemaHelper>",117,G__get_linked_tagnum(&G__THaScalDictLN_vectorlEROOTcLcLTSchemaHelpercOallocatorlEROOTcLcLTSchemaHelpergRsPgR),0,-1);
<    G__setnewtype(-1,NULL,0);
<    G__search_typename2("reverse_iterator<const_iterator>",117,G__get_linked_tagnum(&G__THaScalDictLN_reverse_iteratorlEvectorlEROOTcLcLTSchemaHelpercOallocatorlEROOTcLcLTSchemaHelpergRsPgRcLcLiteratorgR),0,G__get_linked_tagnum(&G__THaScalDictLN_vectorlEROOTcLcLTSchemaHelpercOallocatorlEROOTcLcLTSchemaHelpergRsPgR));
<    G__setnewtype(-1,NULL,0);
<    G__search_typename2("reverse_iterator<iterator>",117,G__get_linked_tagnum(&G__THaScalDictLN_reverse_iteratorlEvectorlEROOTcLcLTSchemaHelpercOallocatorlEROOTcLcLTSchemaHelpergRsPgRcLcLiteratorgR),0,G__get_linked_tagnum(&G__THaScalDictLN_vectorlEROOTcLcLTSchemaHelpercOallocatorlEROOTcLcLTSchemaHelpergRsPgR));
<    G__setnewtype(-1,NULL,0);
<    G__search_typename2("vector<TVirtualArray*>",117,G__get_linked_tagnum(&G__THaScalDictLN_vectorlETVirtualArraymUcOallocatorlETVirtualArraymUgRsPgR),0,-1);
<    G__setnewtype(-1,NULL,0);
<    G__search_typename2("reverse_iterator<const_iterator>",117,G__get_linked_tagnum(&G__THaScalDictLN_reverse_iteratorlEvectorlETVirtualArraymUcOallocatorlETVirtualArraymUgRsPgRcLcLiteratorgR),0,G__get_linked_tagnum(&G__THaScalDictLN_vectorlETVirtualArraymUcOallocatorlETVirtualArraymUgRsPgR));
<    G__setnewtype(-1,NULL,0);
<    G__search_typename2("reverse_iterator<iterator>",117,G__get_linked_tagnum(&G__THaScalDictLN_reverse_iteratorlEvectorlETVirtualArraymUcOallocatorlETVirtualArraymUgRsPgRcLcLiteratorgR),0,G__get_linked_tagnum(&G__THaScalDictLN_vectorlETVirtualArraymUcOallocatorlETVirtualArraymUgRsPgR));
<    G__setnewtype(-1,NULL,0);
1252c1254
<    G__search_typename2("map<string,string,less<string> >",117,G__get_linked_tagnum(&G__THaScalDictLN_maplEstringcOstringcOlesslEstringgRcOallocatorlEpairlEconstsPstringcOstringgRsPgRsPgR),0,-1);
---
>    G__search_typename2("map<string,string,less<string>>",117,G__get_linked_tagnum(&G__THaScalDictLN_maplEstringcOstringcOlesslEstringgRcOallocatorlEpairlEconstsPstringcOstringgRsPgRsPgR),0,-1);
1256c1258
<    G__search_typename2("map<pair<int,string>,map<string,string,less<string>,allocator<pair<const string,string> > > >",117,G__get_linked_tagnum(&G__THaScalDictLN_maplEpairlEintcOstringgRcOmaplEstringcOstringcOlesslEstringgRcOallocatorlEpairlEconstsPstringcOstringgRsPgRsPgRcOlesslEpairlEintcOstringgRsPgRcOallocatorlEpairlEconstsPpairlEintcOstringgRcOmaplEstringcOstringcOlesslEstringgRcOallocatorlEpairlEconstsPstringcOstringgRsPgRsPgRsPgRsPgRsPgR),0,-1);
---
>    G__search_typename2("map<pair<int,string>,map<string,string,less<string>,allocator<pair<const string,string> > >>",117,G__get_linked_tagnum(&G__THaScalDictLN_maplEpairlEintcOstringgRcOmaplEstringcOstringcOlesslEstringgRcOallocatorlEpairlEconstsPstringcOstringgRsPgRsPgRcOlesslEpairlEintcOstringgRsPgRcOallocatorlEpairlEconstsPpairlEintcOstringgRcOmaplEstringcOstringcOlesslEstringgRcOallocatorlEpairlEconstsPstringcOstringgRsPgRsPgRsPgRsPgRsPgR),0,-1);
1258c1260
<    G__search_typename2("map<pair<int,string>,map<string,string,less<string>,allocator<pair<const string,string> > >,less<pair<int,string> > >",117,G__get_linked_tagnum(&G__THaScalDictLN_maplEpairlEintcOstringgRcOmaplEstringcOstringcOlesslEstringgRcOallocatorlEpairlEconstsPstringcOstringgRsPgRsPgRcOlesslEpairlEintcOstringgRsPgRcOallocatorlEpairlEconstsPpairlEintcOstringgRcOmaplEstringcOstringcOlesslEstringgRcOallocatorlEpairlEconstsPstringcOstringgRsPgRsPgRsPgRsPgRsPgR),0,-1);
---
>    G__search_typename2("map<pair<int,string>,map<string,string,less<string>,allocator<pair<const string,string> > >,less<pair<int,string> >>",117,G__get_linked_tagnum(&G__THaScalDictLN_maplEpairlEintcOstringgRcOmaplEstringcOstringcOlesslEstringgRcOallocatorlEpairlEconstsPstringcOstringgRsPgRsPgRcOlesslEpairlEintcOstringgRsPgRcOallocatorlEpairlEconstsPpairlEintcOstringgRcOmaplEstringcOstringcOlesslEstringgRcOallocatorlEpairlEconstsPstringcOstringgRsPgRsPgRsPgRsPgRsPgR),0,-1);
1262c1264
<    G__search_typename2("map<SDB_chanKey,SDB_chanDesc,less<SDB_chanKey> >",117,G__get_linked_tagnum(&G__THaScalDictLN_maplESDB_chanKeycOSDB_chanDesccOlesslESDB_chanKeygRcOallocatorlEpairlEconstsPSDB_chanKeycOSDB_chanDescgRsPgRsPgR),0,-1);
---
>    G__search_typename2("map<SDB_chanKey,SDB_chanDesc,less<SDB_chanKey>>",117,G__get_linked_tagnum(&G__THaScalDictLN_maplESDB_chanKeycOSDB_chanDesccOlesslESDB_chanKeygRcOallocatorlEpairlEconstsPSDB_chanKeycOSDB_chanDescgRsPgRsPgR),0,-1);
1272c1274
<    G__search_typename2("map<pair<pair<int,int>,int>,vector<string,allocator<string> > >",117,G__get_linked_tagnum(&G__THaScalDictLN_maplEpairlEpairlEintcOintgRcOintgRcOvectorlEstringcOallocatorlEstringgRsPgRcOlesslEpairlEpairlEintcOintgRcOintgRsPgRcOallocatorlEpairlEconstsPpairlEpairlEintcOintgRcOintgRcOvectorlEstringcOallocatorlEstringgRsPgRsPgRsPgRsPgR),0,-1);
---
>    G__search_typename2("map<pair<pair<int,int>,int>,vector<string,allocator<string> >>",117,G__get_linked_tagnum(&G__THaScalDictLN_maplEpairlEpairlEintcOintgRcOintgRcOvectorlEstringcOallocatorlEstringgRsPgRcOlesslEpairlEpairlEintcOintgRcOintgRsPgRcOallocatorlEpairlEconstsPpairlEpairlEintcOintgRcOintgRcOvectorlEstringcOallocatorlEstringgRsPgRsPgRsPgRsPgR),0,-1);
1274c1276
<    G__search_typename2("map<pair<pair<int,int>,int>,vector<string,allocator<string> >,less<pair<pair<int,int>,int> > >",117,G__get_linked_tagnum(&G__THaScalDictLN_maplEpairlEpairlEintcOintgRcOintgRcOvectorlEstringcOallocatorlEstringgRsPgRcOlesslEpairlEpairlEintcOintgRcOintgRsPgRcOallocatorlEpairlEconstsPpairlEpairlEintcOintgRcOintgRcOvectorlEstringcOallocatorlEstringgRsPgRsPgRsPgRsPgR),0,-1);
---
>    G__search_typename2("map<pair<pair<int,int>,int>,vector<string,allocator<string> >,less<pair<pair<int,int>,int> >>",117,G__get_linked_tagnum(&G__THaScalDictLN_maplEpairlEpairlEintcOintgRcOintgRcOvectorlEstringcOallocatorlEstringgRsPgRcOlesslEpairlEpairlEintcOintgRcOintgRsPgRcOallocatorlEpairlEconstsPpairlEpairlEintcOintgRcOintgRcOvectorlEstringcOallocatorlEstringgRsPgRsPgRsPgRsPgR),0,-1);
1292,1297d1293
<    G__search_typename2("map<std::string,TObjArray*>",117,G__get_linked_tagnum(&G__THaScalDictLN_maplEstringcOTObjArraymUcOlesslEstringgRcOallocatorlEpairlEconstsPstringcOTObjArraymUgRsPgRsPgR),0,-1);
<    G__setnewtype(-1,NULL,0);
<    G__search_typename2("map<string,TObjArray*>",117,G__get_linked_tagnum(&G__THaScalDictLN_maplEstringcOTObjArraymUcOlesslEstringgRcOallocatorlEpairlEconstsPstringcOTObjArraymUgRsPgRsPgR),0,-1);
<    G__setnewtype(-1,NULL,0);
<    G__search_typename2("map<string,TObjArray*,less<string> >",117,G__get_linked_tagnum(&G__THaScalDictLN_maplEstringcOTObjArraymUcOlesslEstringgRcOallocatorlEpairlEconstsPstringcOTObjArraymUgRsPgRsPgR),0,-1);
<    G__setnewtype(-1,NULL,0);
1302c1298
<    G__search_typename2("map<int,TGTextEntry*,less<int> >",117,G__get_linked_tagnum(&G__THaScalDictLN_maplEintcOTGTextEntrymUcOlesslEintgRcOallocatorlEpairlEconstsPintcOTGTextEntrymUgRsPgRsPgR),0,-1);
---
>    G__search_typename2("map<int,TGTextEntry*,less<int>>",117,G__get_linked_tagnum(&G__THaScalDictLN_maplEintcOTGTextEntrymUcOlesslEintgRcOallocatorlEpairlEconstsPintcOTGTextEntrymUgRsPgRsPgR),0,-1);
1308c1304
<    G__search_typename2("map<int,TNtuple*,less<int> >",117,G__get_linked_tagnum(&G__THaScalDictLN_maplEintcOTNtuplemUcOlesslEintgRcOallocatorlEpairlEconstsPintcOTNtuplemUgRsPgRsPgR),0,-1);
---
>    G__search_typename2("map<int,TNtuple*,less<int>>",117,G__get_linked_tagnum(&G__THaScalDictLN_maplEintcOTNtuplemUcOlesslEintgRcOallocatorlEpairlEconstsPintcOTNtuplemUgRsPgRsPgR),0,-1);
1378c1374
<    G__memvar_setup((void*)G__PVOID,105,0,1,-1,G__defined_typename("Int_t"),-2,2,"fDebug=0LL",0,(char*)NULL);
---
>    G__memvar_setup((void*)0,105,0,1,-1,G__defined_typename("Int_t"),-2,2,"fDebug=",0,(char*)NULL);
1400,1402c1396,1398
<    G__memfunc_setup("THaScalerDB",989,G__THaScalDict_413_0_1, 105, G__get_linked_tagnum(&G__THaScalDictLN_THaScalerDB), -1, 0, 0, 1, 1, 0, "", (char*)NULL, (void*) NULL, 0);
<    G__memfunc_setup("extract_db",1056,G__THaScalDict_413_0_2, 103, -1, -1, 0, 1, 1, 1, 0, "u 'Bdate' - 11 - bdate", (char*)NULL, (void*) NULL, 0);
<    G__memfunc_setup("GetLongDesc",1071,G__THaScalDict_413_0_3, 117, G__get_linked_tagnum(&G__THaScalDictLN_string), -1, 0, 3, 1, 1, 0, 
---
>    G__memfunc_setup("THaScalerDB",989,G__THaScalDict_388_0_1, 105, G__get_linked_tagnum(&G__THaScalDictLN_THaScalerDB), -1, 0, 0, 1, 1, 0, "", (char*)NULL, (void*) NULL, 0);
>    G__memfunc_setup("extract_db",1056,G__THaScalDict_388_0_2, 103, -1, -1, 0, 1, 1, 1, 0, "u 'Bdate' - 11 - bdate", (char*)NULL, (void*) NULL, 0);
>    G__memfunc_setup("GetLongDesc",1071,G__THaScalDict_388_0_3, 117, G__get_linked_tagnum(&G__THaScalDictLN_string), -1, 0, 3, 1, 1, 0, 
1405c1401
<    G__memfunc_setup("FindNoCase",954,G__THaScalDict_413_0_4, 107, -1, G__defined_typename("size_t"), 0, 2, 1, 1, 0, 
---
>    G__memfunc_setup("FindNoCase",954,G__THaScalDict_388_0_4, 104, -1, G__defined_typename("UInt_t"), 0, 2, 1, 1, 0, 
1407c1403
<    G__memfunc_setup("GetSlot",706,G__THaScalDict_413_0_5, 105, -1, G__defined_typename("Int_t"), 0, 3, 1, 1, 0, 
---
>    G__memfunc_setup("GetSlot",706,G__THaScalDict_388_0_5, 105, -1, G__defined_typename("Int_t"), 0, 3, 1, 1, 0, 
1410c1406
<    G__memfunc_setup("GetChan",666,G__THaScalDict_413_0_6, 105, -1, G__defined_typename("Int_t"), 0, 4, 1, 1, 0, 
---
>    G__memfunc_setup("GetChan",666,G__THaScalDict_388_0_6, 105, -1, G__defined_typename("Int_t"), 0, 4, 1, 1, 0, 
1413c1409
<    G__memfunc_setup("GetShortNames",1316,G__THaScalDict_413_0_7, 117, G__get_linked_tagnum(&G__THaScalDictLN_vectorlEstringcOallocatorlEstringgRsPgR), G__defined_typename("vector<std::string>"), 0, 3, 1, 1, 0, 
---
>    G__memfunc_setup("GetShortNames",1316,G__THaScalDict_388_0_7, 117, G__get_linked_tagnum(&G__THaScalDictLN_vectorlEstringcOallocatorlEstringgRsPgR), G__defined_typename("vector<std::string>"), 0, 3, 1, 1, 0, 
1416c1412
<    G__memfunc_setup("GetNumDirectives",1634,G__THaScalDict_413_0_8, 105, -1, G__defined_typename("Int_t"), 0, 2, 1, 1, 0, 
---
>    G__memfunc_setup("GetNumDirectives",1634,G__THaScalDict_388_0_8, 105, -1, G__defined_typename("Int_t"), 0, 2, 1, 1, 0, 
1418c1414
<    G__memfunc_setup("GetIntDirectives",1629,G__THaScalDict_413_0_9, 105, -1, G__defined_typename("Int_t"), 0, 3, 1, 1, 0, 
---
>    G__memfunc_setup("GetIntDirectives",1629,G__THaScalDict_388_0_9, 105, -1, G__defined_typename("Int_t"), 0, 3, 1, 1, 0, 
1421c1417
<    G__memfunc_setup("GetStringDirectives",1961,G__THaScalDict_413_0_10, 117, G__get_linked_tagnum(&G__THaScalDictLN_string), -1, 0, 3, 1, 1, 0, 
---
>    G__memfunc_setup("GetStringDirectives",1961,G__THaScalDict_388_0_10, 117, G__get_linked_tagnum(&G__THaScalDictLN_string), -1, 0, 3, 1, 1, 0, 
1424c1420
<    G__memfunc_setup("LoadCrateToInt",1373,G__THaScalDict_413_0_11, 121, -1, -1, 0, 2, 1, 1, 0, 
---
>    G__memfunc_setup("LoadCrateToInt",1373,G__THaScalDict_388_0_11, 121, -1, -1, 0, 2, 1, 1, 0, 
1426,1428c1422,1424
<    G__memfunc_setup("CrateToInt",989,G__THaScalDict_413_0_12, 105, -1, G__defined_typename("Int_t"), 0, 1, 1, 1, 0, "u 'string' - 11 - scrate", (char*)NULL, (void*) NULL, 0);
<    G__memfunc_setup("PrintChanMap",1189,G__THaScalDict_413_0_13, 121, -1, -1, 0, 0, 1, 1, 0, "", (char*)NULL, (void*) NULL, 0);
<    G__memfunc_setup("PrintDirectives",1567,G__THaScalDict_413_0_14, 121, -1, -1, 0, 0, 1, 1, 0, "", (char*)NULL, (void*) NULL, 0);
---
>    G__memfunc_setup("CrateToInt",989,G__THaScalDict_388_0_12, 105, -1, G__defined_typename("Int_t"), 0, 1, 1, 1, 0, "u 'string' - 11 - scrate", (char*)NULL, (void*) NULL, 0);
>    G__memfunc_setup("PrintChanMap",1189,G__THaScalDict_388_0_13, 121, -1, -1, 0, 0, 1, 1, 0, "", (char*)NULL, (void*) NULL, 0);
>    G__memfunc_setup("PrintDirectives",1567,G__THaScalDict_388_0_14, 121, -1, -1, 0, 0, 1, 1, 0, "", (char*)NULL, (void*) NULL, 0);
1446,1457c1442,1454
<    G__memfunc_setup("Class",502,G__THaScalDict_413_0_27, 85, G__get_linked_tagnum(&G__THaScalDictLN_TClass), -1, 0, 0, 3, 1, 0, "", (char*)NULL, (void*) G__func2void( (TClass* (*)())(&THaScalerDB::Class) ), 0);
<    G__memfunc_setup("Class_Name",982,G__THaScalDict_413_0_28, 67, -1, -1, 0, 0, 3, 1, 1, "", (char*)NULL, (void*) G__func2void( (const char* (*)())(&THaScalerDB::Class_Name) ), 0);
<    G__memfunc_setup("Class_Version",1339,G__THaScalDict_413_0_29, 115, -1, G__defined_typename("Version_t"), 0, 0, 3, 1, 0, "", (char*)NULL, (void*) G__func2void( (Version_t (*)())(&THaScalerDB::Class_Version) ), 0);
<    G__memfunc_setup("Dictionary",1046,G__THaScalDict_413_0_30, 121, -1, -1, 0, 0, 3, 1, 0, "", (char*)NULL, (void*) G__func2void( (void (*)())(&THaScalerDB::Dictionary) ), 0);
<    G__memfunc_setup("IsA",253,G__THaScalDict_413_0_31, 85, G__get_linked_tagnum(&G__THaScalDictLN_TClass), -1, 0, 0, 1, 1, 8, "", (char*)NULL, (void*) NULL, 1);
<    G__memfunc_setup("ShowMembers",1132,G__THaScalDict_413_0_32, 121, -1, -1, 0, 1, 1, 1, 0, "u 'TMemberInspector' - 1 - insp", (char*)NULL, (void*) NULL, 1);
<    G__memfunc_setup("Streamer",835,G__THaScalDict_413_0_33, 121, -1, -1, 0, 1, 1, 1, 0, "u 'TBuffer' - 1 - b", (char*)NULL, (void*) NULL, 1);
<    G__memfunc_setup("StreamerNVirtual",1656,G__THaScalDict_413_0_34, 121, -1, -1, 0, 1, 1, 1, 0, "u 'TBuffer' - 1 - b", (char*)NULL, (void*) NULL, 0);
<    G__memfunc_setup("DeclFileName",1145,G__THaScalDict_413_0_35, 67, -1, -1, 0, 0, 3, 1, 1, "", (char*)NULL, (void*) G__func2void( (const char* (*)())(&THaScalerDB::DeclFileName) ), 0);
<    G__memfunc_setup("ImplFileLine",1178,G__THaScalDict_413_0_36, 105, -1, -1, 0, 0, 3, 1, 0, "", (char*)NULL, (void*) G__func2void( (int (*)())(&THaScalerDB::ImplFileLine) ), 0);
<    G__memfunc_setup("ImplFileName",1171,G__THaScalDict_413_0_37, 67, -1, -1, 0, 0, 3, 1, 1, "", (char*)NULL, (void*) G__func2void( (const char* (*)())(&THaScalerDB::ImplFileName) ), 0);
<    G__memfunc_setup("DeclFileLine",1152,G__THaScalDict_413_0_38, 105, -1, -1, 0, 0, 3, 1, 0, "", (char*)NULL, (void*) G__func2void( (int (*)())(&THaScalerDB::DeclFileLine) ), 0);
---
>    G__memfunc_setup("Class",502,G__THaScalDict_388_0_27, 85, G__get_linked_tagnum(&G__THaScalDictLN_TClass), -1, 0, 0, 3, 1, 0, "", (char*)NULL, (void*) (TClass* (*)())(&THaScalerDB::Class), 0);
>    G__memfunc_setup("Class_Name",982,G__THaScalDict_388_0_28, 67, -1, -1, 0, 0, 3, 1, 1, "", (char*)NULL, (void*) (const char* (*)())(&THaScalerDB::Class_Name), 0);
>    G__memfunc_setup("Class_Version",1339,G__THaScalDict_388_0_29, 115, -1, G__defined_typename("Version_t"), 0, 0, 3, 1, 0, "", (char*)NULL, (void*) (Version_t (*)())(&THaScalerDB::Class_Version), 0);
>    G__memfunc_setup("Dictionary",1046,G__THaScalDict_388_0_30, 121, -1, -1, 0, 0, 3, 1, 0, "", (char*)NULL, (void*) (void (*)())(&THaScalerDB::Dictionary), 0);
>    G__memfunc_setup("IsA",253,G__THaScalDict_388_0_31, 85, G__get_linked_tagnum(&G__THaScalDictLN_TClass), -1, 0, 0, 1, 1, 8, "", (char*)NULL, (void*) NULL, 1);
>    G__memfunc_setup("ShowMembers",1132,G__THaScalDict_388_0_32, 121, -1, -1, 0, 2, 1, 1, 0, 
> "u 'TMemberInspector' - 1 - insp C - - 0 - parent", (char*)NULL, (void*) NULL, 1);
>    G__memfunc_setup("Streamer",835,G__THaScalDict_388_0_33, 121, -1, -1, 0, 1, 1, 1, 0, "u 'TBuffer' - 1 - b", (char*)NULL, (void*) NULL, 1);
>    G__memfunc_setup("StreamerNVirtual",1656,G__THaScalDict_388_0_34, 121, -1, -1, 0, 1, 1, 1, 0, "u 'TBuffer' - 1 - b", (char*)NULL, (void*) NULL, 0);
>    G__memfunc_setup("DeclFileName",1145,G__THaScalDict_388_0_35, 67, -1, -1, 0, 0, 3, 1, 1, "", (char*)NULL, (void*) (const char* (*)())(&THaScalerDB::DeclFileName), 0);
>    G__memfunc_setup("ImplFileLine",1178,G__THaScalDict_388_0_36, 105, -1, -1, 0, 0, 3, 1, 0, "", (char*)NULL, (void*) (int (*)())(&THaScalerDB::ImplFileLine), 0);
>    G__memfunc_setup("ImplFileName",1171,G__THaScalDict_388_0_37, 67, -1, -1, 0, 0, 3, 1, 1, "", (char*)NULL, (void*) (const char* (*)())(&THaScalerDB::ImplFileName), 0);
>    G__memfunc_setup("DeclFileLine",1152,G__THaScalDict_388_0_38, 105, -1, -1, 0, 0, 3, 1, 0, "", (char*)NULL, (void*) (int (*)())(&THaScalerDB::DeclFileLine), 0);
1459c1456
<    G__memfunc_setup("~THaScalerDB", 1115, G__THaScalDict_413_0_39, (int) ('y'), -1, -1, 0, 0, 1, 1, 0, "", (char*) NULL, (void*) NULL, 1);
---
>    G__memfunc_setup("~THaScalerDB", 1115, G__THaScalDict_388_0_39, (int) ('y'), -1, -1, 0, 0, 1, 1, 0, "", (char*) NULL, (void*) NULL, 1);
1466,1474c1463,1471
<    G__memfunc_setup("THaScaler",855,G__THaScalDict_417_0_1, 105, G__get_linked_tagnum(&G__THaScalDictLN_THaScaler), -1, 0, 1, 1, 1, 0, "C - - 10 - Bankgroup", (char*)NULL, (void*) NULL, 0);
<    G__memfunc_setup("Init",404,G__THaScalDict_417_0_2, 105, -1, G__defined_typename("Int_t"), 0, 1, 1, 1, 0, "C - - 10 '\"now\"' date", "default time = \"now\"", (void*) NULL, 0);
<    G__memfunc_setup("Init",404,G__THaScalDict_417_0_3, 105, -1, G__defined_typename("Int_t"), 0, 1, 1, 1, 0, "u 'TDatime' - 11 - date", "default time = current time", (void*) NULL, 0);
<    G__memfunc_setup("LoadData",762,G__THaScalDict_417_0_4, 105, -1, G__defined_typename("Int_t"), 0, 1, 1, 1, 0, "u 'THaEvData' - 11 - evdata", "load from THaEvData (return if non-scaler evt)", (void*) NULL, 0);
<    G__memfunc_setup("LoadDataCodaFile",1521,G__THaScalDict_417_0_5, 105, -1, G__defined_typename("Int_t"), 0, 1, 1, 1, 0, "U 'THaCodaFile' - 0 - codafile", (char*)NULL, (void*) NULL, 0);
<    G__memfunc_setup("LoadDataCodaFile",1521,G__THaScalDict_417_0_6, 105, -1, G__defined_typename("Int_t"), 0, 1, 1, 1, 0, "C - - 10 - filename", (char*)NULL, (void*) NULL, 0);
<    G__memfunc_setup("LoadDataCodaFile",1521,G__THaScalDict_417_0_7, 105, -1, G__defined_typename("Int_t"), 0, 1, 1, 1, 0, "u 'TString' - 0 - filename", (char*)NULL, (void*) NULL, 0);
<    G__memfunc_setup("LoadDataHistoryFile",1900,G__THaScalDict_417_0_8, 105, -1, G__defined_typename("Int_t"), 0, 1, 1, 1, 0, "i - - 0 - run_num", "default file \"scaler_history.dat\"", (void*) NULL, 0);
<    G__memfunc_setup("LoadDataHistoryFile",1900,G__THaScalDict_417_0_9, 105, -1, G__defined_typename("Int_t"), 0, 2, 1, 1, 0, 
---
>    G__memfunc_setup("THaScaler",855,G__THaScalDict_392_0_1, 105, G__get_linked_tagnum(&G__THaScalDictLN_THaScaler), -1, 0, 1, 1, 1, 0, "C - - 10 - Bankgroup", (char*)NULL, (void*) NULL, 0);
>    G__memfunc_setup("Init",404,G__THaScalDict_392_0_2, 105, -1, G__defined_typename("Int_t"), 0, 1, 1, 1, 0, "C - - 10 '\"now\"' date", "default time = \"now\"", (void*) NULL, 0);
>    G__memfunc_setup("Init",404,G__THaScalDict_392_0_3, 105, -1, G__defined_typename("Int_t"), 0, 1, 1, 1, 0, "u 'TDatime' - 11 - date", "default time = current time", (void*) NULL, 0);
>    G__memfunc_setup("LoadData",762,G__THaScalDict_392_0_4, 105, -1, G__defined_typename("Int_t"), 0, 1, 1, 1, 0, "u 'THaEvData' - 11 - evdata", "load from THaEvData (return if non-scaler evt)", (void*) NULL, 0);
>    G__memfunc_setup("LoadDataCodaFile",1521,G__THaScalDict_392_0_5, 105, -1, G__defined_typename("Int_t"), 0, 1, 1, 1, 0, "U 'THaCodaFile' - 0 - codafile", (char*)NULL, (void*) NULL, 0);
>    G__memfunc_setup("LoadDataCodaFile",1521,G__THaScalDict_392_0_6, 105, -1, G__defined_typename("Int_t"), 0, 1, 1, 1, 0, "C - - 10 - filename", (char*)NULL, (void*) NULL, 0);
>    G__memfunc_setup("LoadDataCodaFile",1521,G__THaScalDict_392_0_7, 105, -1, G__defined_typename("Int_t"), 0, 1, 1, 1, 0, "u 'TString' - 0 - filename", (char*)NULL, (void*) NULL, 0);
>    G__memfunc_setup("LoadDataHistoryFile",1900,G__THaScalDict_392_0_8, 105, -1, G__defined_typename("Int_t"), 0, 1, 1, 1, 0, "i - - 0 - run_num", "default file \"scaler_history.dat\"", (void*) NULL, 0);
>    G__memfunc_setup("LoadDataHistoryFile",1900,G__THaScalDict_392_0_9, 105, -1, G__defined_typename("Int_t"), 0, 2, 1, 1, 0, 
1476,1477c1473,1474
<    G__memfunc_setup("LoadDataOnline",1375,G__THaScalDict_417_0_10, 105, -1, G__defined_typename("Int_t"), 0, 0, 1, 1, 0, "", "server and port is known for 'Bankgroup'", (void*) NULL, 0);
<    G__memfunc_setup("LoadDataOnline",1375,G__THaScalDict_417_0_11, 105, -1, G__defined_typename("Int_t"), 0, 2, 1, 1, 0, 
---
>    G__memfunc_setup("LoadDataOnline",1375,G__THaScalDict_392_0_10, 105, -1, G__defined_typename("Int_t"), 0, 0, 1, 1, 0, "", "server and port is known for 'Bankgroup'", (void*) NULL, 0);
>    G__memfunc_setup("LoadDataOnline",1375,G__THaScalDict_392_0_11, 105, -1, G__defined_typename("Int_t"), 0, 2, 1, 1, 0, 
1480c1477
<    G__memfunc_setup("PrintSummary",1275,G__THaScalDict_417_0_13, 121, -1, -1, 0, 0, 1, 1, 0, "", "Print out a summary of important scalers.", (void*) NULL, 1);
---
>    G__memfunc_setup("PrintSummary",1275,G__THaScalDict_392_0_13, 121, -1, -1, 0, 0, 1, 1, 0, "", "Print out a summary of important scalers.", (void*) NULL, 1);
1482,1483c1479,1480
<    G__memfunc_setup("GetCrate",783,G__THaScalDict_417_0_15, 105, -1, G__defined_typename("Int_t"), 0, 0, 1, 1, 9, "", (char*)NULL, (void*) NULL, 0);
<    G__memfunc_setup("GetScaler",890,G__THaScalDict_417_0_16, 105, -1, G__defined_typename("Int_t"), 0, 3, 1, 1, 0, 
---
>    G__memfunc_setup("GetCrate",783,G__THaScalDict_392_0_15, 105, -1, G__defined_typename("Int_t"), 0, 0, 1, 1, 9, "", (char*)NULL, (void*) NULL, 0);
>    G__memfunc_setup("GetScaler",890,G__THaScalDict_392_0_16, 105, -1, G__defined_typename("Int_t"), 0, 3, 1, 1, 0, 
1486c1483
<    G__memfunc_setup("GetScaler",890,G__THaScalDict_417_0_17, 105, -1, G__defined_typename("Int_t"), 0, 2, 1, 1, 0, 
---
>    G__memfunc_setup("GetScaler",890,G__THaScalDict_392_0_17, 105, -1, G__defined_typename("Int_t"), 0, 2, 1, 1, 0, 
1488c1485
<    G__memfunc_setup("GetScaler",890,G__THaScalDict_417_0_18, 105, -1, G__defined_typename("Int_t"), 0, 4, 1, 1, 0, 
---
>    G__memfunc_setup("GetScaler",890,G__THaScalDict_392_0_18, 105, -1, G__defined_typename("Int_t"), 0, 4, 1, 1, 0, 
1491,1494c1488,1491
<    G__memfunc_setup("GetTrig",694,G__THaScalDict_417_0_19, 105, -1, G__defined_typename("Int_t"), 0, 1, 1, 1, 0, "i - 'Int_t' 0 - trigger", "counts for trig# 1,2,3,4,5,etc", (void*) NULL, 0);
<    G__memfunc_setup("GetBcm",562,G__THaScalDict_417_0_20, 105, -1, G__defined_typename("Int_t"), 0, 1, 1, 1, 0, "C - - 10 - which", (char*)NULL, (void*) NULL, 0);
<    G__memfunc_setup("GetPulser",923,G__THaScalDict_417_0_21, 105, -1, G__defined_typename("Int_t"), 0, 1, 1, 1, 0, "C - - 10 - which", "which = 'clock', 'edt', 'edtat', 'strobe'", (void*) NULL, 0);
<    G__memfunc_setup("GetTrig",694,G__THaScalDict_417_0_22, 105, -1, G__defined_typename("Int_t"), 0, 3, 1, 1, 0, 
---
>    G__memfunc_setup("GetTrig",694,G__THaScalDict_392_0_19, 105, -1, G__defined_typename("Int_t"), 0, 1, 1, 1, 0, "i - 'Int_t' 0 - trigger", "counts for trig# 1,2,3,4,5,etc", (void*) NULL, 0);
>    G__memfunc_setup("GetBcm",562,G__THaScalDict_392_0_20, 105, -1, G__defined_typename("Int_t"), 0, 1, 1, 1, 0, "C - - 10 - which", (char*)NULL, (void*) NULL, 0);
>    G__memfunc_setup("GetPulser",923,G__THaScalDict_392_0_21, 105, -1, G__defined_typename("Int_t"), 0, 1, 1, 1, 0, "C - - 10 - which", "which = 'clock', 'edt', 'edtat', 'strobe'", (void*) NULL, 0);
>    G__memfunc_setup("GetTrig",694,G__THaScalDict_392_0_22, 105, -1, G__defined_typename("Int_t"), 0, 3, 1, 1, 0, 
1497c1494
<    G__memfunc_setup("GetBcm",562,G__THaScalDict_417_0_23, 105, -1, G__defined_typename("Int_t"), 0, 3, 1, 1, 0, 
---
>    G__memfunc_setup("GetBcm",562,G__THaScalDict_392_0_23, 105, -1, G__defined_typename("Int_t"), 0, 3, 1, 1, 0, 
1500c1497
<    G__memfunc_setup("GetPulser",923,G__THaScalDict_417_0_24, 105, -1, G__defined_typename("Int_t"), 0, 3, 1, 1, 0, 
---
>    G__memfunc_setup("GetPulser",923,G__THaScalDict_392_0_24, 105, -1, G__defined_typename("Int_t"), 0, 3, 1, 1, 0, 
1503c1500
<    G__memfunc_setup("GetNormData",1078,G__THaScalDict_417_0_25, 105, -1, G__defined_typename("Int_t"), 0, 3, 1, 1, 0, 
---
>    G__memfunc_setup("GetNormData",1078,G__THaScalDict_392_0_25, 105, -1, G__defined_typename("Int_t"), 0, 3, 1, 1, 0, 
1506c1503
<    G__memfunc_setup("GetNormData",1078,G__THaScalDict_417_0_26, 105, -1, G__defined_typename("Int_t"), 0, 3, 1, 1, 0, 
---
>    G__memfunc_setup("GetNormData",1078,G__THaScalDict_392_0_26, 105, -1, G__defined_typename("Int_t"), 0, 3, 1, 1, 0, 
1509c1506
<    G__memfunc_setup("GetScalerRate",1286,G__THaScalDict_417_0_27, 100, -1, G__defined_typename("Double_t"), 0, 2, 1, 1, 0, 
---
>    G__memfunc_setup("GetScalerRate",1286,G__THaScalDict_392_0_27, 100, -1, G__defined_typename("Double_t"), 0, 2, 1, 1, 0, 
1511c1508
<    G__memfunc_setup("GetScalerRate",1286,G__THaScalDict_417_0_28, 100, -1, G__defined_typename("Double_t"), 0, 3, 1, 1, 0, 
---
>    G__memfunc_setup("GetScalerRate",1286,G__THaScalDict_392_0_28, 100, -1, G__defined_typename("Double_t"), 0, 3, 1, 1, 0, 
1514c1511
<    G__memfunc_setup("GetScalerRate",1286,G__THaScalDict_417_0_29, 100, -1, G__defined_typename("Double_t"), 0, 2, 1, 1, 0, 
---
>    G__memfunc_setup("GetScalerRate",1286,G__THaScalDict_392_0_29, 100, -1, G__defined_typename("Double_t"), 0, 2, 1, 1, 0, 
1516,1517c1513,1514
<    G__memfunc_setup("GetTrigRate",1090,G__THaScalDict_417_0_30, 100, -1, G__defined_typename("Double_t"), 0, 1, 1, 1, 0, "i - 'Int_t' 0 - trigger", (char*)NULL, (void*) NULL, 0);
<    G__memfunc_setup("GetTrigRate",1090,G__THaScalDict_417_0_31, 100, -1, G__defined_typename("Double_t"), 0, 2, 1, 1, 0, 
---
>    G__memfunc_setup("GetTrigRate",1090,G__THaScalDict_392_0_30, 100, -1, G__defined_typename("Double_t"), 0, 1, 1, 1, 0, "i - 'Int_t' 0 - trigger", (char*)NULL, (void*) NULL, 0);
>    G__memfunc_setup("GetTrigRate",1090,G__THaScalDict_392_0_31, 100, -1, G__defined_typename("Double_t"), 0, 2, 1, 1, 0, 
1519,1520c1516,1517
<    G__memfunc_setup("GetBcmRate",958,G__THaScalDict_417_0_32, 100, -1, G__defined_typename("Double_t"), 0, 1, 1, 1, 0, "C - - 10 - which", (char*)NULL, (void*) NULL, 0);
<    G__memfunc_setup("GetBcmRate",958,G__THaScalDict_417_0_33, 100, -1, G__defined_typename("Double_t"), 0, 2, 1, 1, 0, 
---
>    G__memfunc_setup("GetBcmRate",958,G__THaScalDict_392_0_32, 100, -1, G__defined_typename("Double_t"), 0, 1, 1, 1, 0, "C - - 10 - which", (char*)NULL, (void*) NULL, 0);
>    G__memfunc_setup("GetBcmRate",958,G__THaScalDict_392_0_33, 100, -1, G__defined_typename("Double_t"), 0, 2, 1, 1, 0, 
1522,1523c1519,1520
<    G__memfunc_setup("GetPulserRate",1319,G__THaScalDict_417_0_34, 100, -1, G__defined_typename("Double_t"), 0, 1, 1, 1, 0, "C - - 10 - which", (char*)NULL, (void*) NULL, 0);
<    G__memfunc_setup("GetPulserRate",1319,G__THaScalDict_417_0_35, 100, -1, G__defined_typename("Double_t"), 0, 2, 1, 1, 0, 
---
>    G__memfunc_setup("GetPulserRate",1319,G__THaScalDict_392_0_34, 100, -1, G__defined_typename("Double_t"), 0, 1, 1, 1, 0, "C - - 10 - which", (char*)NULL, (void*) NULL, 0);
>    G__memfunc_setup("GetPulserRate",1319,G__THaScalDict_392_0_35, 100, -1, G__defined_typename("Double_t"), 0, 2, 1, 1, 0, 
1525c1522
<    G__memfunc_setup("GetNormRate",1096,G__THaScalDict_417_0_36, 100, -1, G__defined_typename("Double_t"), 0, 2, 1, 1, 0, 
---
>    G__memfunc_setup("GetNormRate",1096,G__THaScalDict_392_0_36, 100, -1, G__defined_typename("Double_t"), 0, 2, 1, 1, 0, 
1527c1524
<    G__memfunc_setup("GetNormRate",1096,G__THaScalDict_417_0_37, 100, -1, G__defined_typename("Double_t"), 0, 2, 1, 1, 0, 
---
>    G__memfunc_setup("GetNormRate",1096,G__THaScalDict_392_0_37, 100, -1, G__defined_typename("Double_t"), 0, 2, 1, 1, 0, 
1529,1532c1526,1529
<    G__memfunc_setup("IsRenewed",902,G__THaScalDict_417_0_38, 103, -1, G__defined_typename("Bool_t"), 0, 0, 1, 1, 8, "", "kTRUE if obj has new data", (void*) NULL, 0);
<    G__memfunc_setup("SetIpAddress",1195,G__THaScalDict_417_0_39, 121, -1, -1, 0, 1, 1, 1, 0, "u 'string' - 0 - ipaddress", "set IP for online data", (void*) NULL, 0);
<    G__memfunc_setup("SetPort",721,G__THaScalDict_417_0_40, 121, -1, -1, 0, 1, 1, 1, 0, "i - 'Int_t' 0 - port", "set PORT# for online data", (void*) NULL, 0);
<    G__memfunc_setup("SetClockLoc",1078,G__THaScalDict_417_0_41, 121, -1, -1, 0, 2, 1, 1, 0, 
---
>    G__memfunc_setup("IsRenewed",902,G__THaScalDict_392_0_38, 103, -1, G__defined_typename("Bool_t"), 0, 0, 1, 1, 8, "", "kTRUE if obj has new data", (void*) NULL, 0);
>    G__memfunc_setup("SetIpAddress",1195,G__THaScalDict_392_0_39, 121, -1, -1, 0, 1, 1, 1, 0, "u 'string' - 0 - ipaddress", "set IP for online data", (void*) NULL, 0);
>    G__memfunc_setup("SetPort",721,G__THaScalDict_392_0_40, 121, -1, -1, 0, 1, 1, 1, 0, "i - 'Int_t' 0 - port", "set PORT# for online data", (void*) NULL, 0);
>    G__memfunc_setup("SetClockLoc",1078,G__THaScalDict_392_0_41, 121, -1, -1, 0, 2, 1, 1, 0, 
1534,1536c1531,1533
<    G__memfunc_setup("SetClockRate",1188,G__THaScalDict_417_0_42, 121, -1, -1, 0, 1, 1, 1, 0, "d - 'Double_t' 0 - clkrate", "set clock rate", (void*) NULL, 0);
<    G__memfunc_setup("SetTimeInterval",1536,G__THaScalDict_417_0_43, 121, -1, -1, 0, 1, 1, 1, 0, "d - 'Double_t' 0 - time", "set avg time interval between events. (if no clk)", (void*) NULL, 0);
<    G__memfunc_setup("GetSlot",706,G__THaScalDict_417_0_44, 105, -1, G__defined_typename("Int_t"), 0, 2, 1, 1, 0, 
---
>    G__memfunc_setup("SetClockRate",1188,G__THaScalDict_392_0_42, 121, -1, -1, 0, 1, 1, 1, 0, "d - 'Double_t' 0 - clkrate", "set clock rate", (void*) NULL, 0);
>    G__memfunc_setup("SetTimeInterval",1536,G__THaScalDict_392_0_43, 121, -1, -1, 0, 1, 1, 1, 0, "d - 'Double_t' 0 - time", "set avg time interval between events. (if no clk)", (void*) NULL, 0);
>    G__memfunc_setup("GetSlot",706,G__THaScalDict_392_0_44, 105, -1, G__defined_typename("Int_t"), 0, 2, 1, 1, 0, 
1538c1535
<    G__memfunc_setup("GetChan",666,G__THaScalDict_417_0_45, 105, -1, G__defined_typename("Int_t"), 0, 3, 1, 1, 0, 
---
>    G__memfunc_setup("GetChan",666,G__THaScalDict_392_0_45, 105, -1, G__defined_typename("Int_t"), 0, 3, 1, 1, 0, 
1541c1538
<    G__memfunc_setup("GetDataBase",1045,G__THaScalDict_417_0_46, 85, G__get_linked_tagnum(&G__THaScalDictLN_THaScalerDB), -1, 0, 0, 1, 1, 0, "", (char*)NULL, (void*) NULL, 0);
---
>    G__memfunc_setup("GetDataBase",1045,G__THaScalDict_392_0_46, 85, G__get_linked_tagnum(&G__THaScalDictLN_THaScalerDB), -1, 0, 0, 1, 1, 0, "", (char*)NULL, (void*) NULL, 0);
1558c1555
<    G__memfunc_setup("~THaScaler", 981, G__THaScalDict_417_0_60, (int) ('y'), -1, -1, 0, 0, 1, 1, 0, "", (char*) NULL, (void*) NULL, 1);
---
>    G__memfunc_setup("~THaScaler", 981, G__THaScalDict_392_0_60, (int) ('y'), -1, -1, 0, 0, 1, 1, 0, "", (char*) NULL, (void*) NULL, 1);
1595,1600d1591
< }
< 
< static void G__cpp_setup_global7() {
< }
< 
< static void G__cpp_setup_global8() {
1612,1613d1602
<   G__cpp_setup_global7();
<   G__cpp_setup_global8();
1676,1681d1664
< }
< 
< static void G__cpp_setup_func19() {
< }
< 
< static void G__cpp_setup_func20() {
1706,1707d1688
<   G__cpp_setup_func19();
<   G__cpp_setup_func20();
1718,1719d1698
< G__linked_taginfo G__THaScalDictLN_TString = { "TString" , 99 , -1 };
< G__linked_taginfo G__THaScalDictLN_vectorlEunsignedsPintcOallocatorlEunsignedsPintgRsPgR = { "vector<unsigned int,allocator<unsigned int> >" , 99 , -1 };
1721,1724c1700
< G__linked_taginfo G__THaScalDictLN_vectorlEROOTcLcLTSchemaHelpercOallocatorlEROOTcLcLTSchemaHelpergRsPgR = { "vector<ROOT::TSchemaHelper,allocator<ROOT::TSchemaHelper> >" , 99 , -1 };
< G__linked_taginfo G__THaScalDictLN_reverse_iteratorlEvectorlEROOTcLcLTSchemaHelpercOallocatorlEROOTcLcLTSchemaHelpergRsPgRcLcLiteratorgR = { "reverse_iterator<vector<ROOT::TSchemaHelper,allocator<ROOT::TSchemaHelper> >::iterator>" , 99 , -1 };
< G__linked_taginfo G__THaScalDictLN_vectorlETVirtualArraymUcOallocatorlETVirtualArraymUgRsPgR = { "vector<TVirtualArray*,allocator<TVirtualArray*> >" , 99 , -1 };
< G__linked_taginfo G__THaScalDictLN_reverse_iteratorlEvectorlETVirtualArraymUcOallocatorlETVirtualArraymUgRsPgRcLcLiteratorgR = { "reverse_iterator<vector<TVirtualArray*,allocator<TVirtualArray*> >::iterator>" , 99 , -1 };
---
> G__linked_taginfo G__THaScalDictLN_TString = { "TString" , 99 , -1 };
1728a1705
> G__linked_taginfo G__THaScalDictLN_vectorlEunsignedsPintcOallocatorlEunsignedsPintgRsPgR = { "vector<unsigned int,allocator<unsigned int> >" , 99 , -1 };
1750d1726
< G__linked_taginfo G__THaScalDictLN_maplEstringcOTObjArraymUcOlesslEstringgRcOallocatorlEpairlEconstsPstringcOTObjArraymUgRsPgRsPgR = { "map<string,TObjArray*,less<string>,allocator<pair<const string,TObjArray*> > >" , 99 , -1 };
1760,1761d1735
<   G__THaScalDictLN_TString.tagnum = -1 ;
<   G__THaScalDictLN_vectorlEunsignedsPintcOallocatorlEunsignedsPintgRsPgR.tagnum = -1 ;
1763,1766c1737
<   G__THaScalDictLN_vectorlEROOTcLcLTSchemaHelpercOallocatorlEROOTcLcLTSchemaHelpergRsPgR.tagnum = -1 ;
<   G__THaScalDictLN_reverse_iteratorlEvectorlEROOTcLcLTSchemaHelpercOallocatorlEROOTcLcLTSchemaHelpergRsPgRcLcLiteratorgR.tagnum = -1 ;
<   G__THaScalDictLN_vectorlETVirtualArraymUcOallocatorlETVirtualArraymUgRsPgR.tagnum = -1 ;
<   G__THaScalDictLN_reverse_iteratorlEvectorlETVirtualArraymUcOallocatorlETVirtualArraymUgRsPgRcLcLiteratorgR.tagnum = -1 ;
---
>   G__THaScalDictLN_TString.tagnum = -1 ;
1770a1742
>   G__THaScalDictLN_vectorlEunsignedsPintcOallocatorlEunsignedsPintgRsPgR.tagnum = -1 ;
1792d1763
<   G__THaScalDictLN_maplEstringcOTObjArraymUcOlesslEstringgRcOallocatorlEpairlEconstsPstringcOTObjArraymUgRsPgRsPgR.tagnum = -1 ;
1805,1806d1775
<    G__get_linked_tagnum_fwd(&G__THaScalDictLN_TString);
<    G__get_linked_tagnum_fwd(&G__THaScalDictLN_vectorlEunsignedsPintcOallocatorlEunsignedsPintgRsPgR);
1808,1811c1777
<    G__get_linked_tagnum_fwd(&G__THaScalDictLN_vectorlEROOTcLcLTSchemaHelpercOallocatorlEROOTcLcLTSchemaHelpergRsPgR);
<    G__get_linked_tagnum_fwd(&G__THaScalDictLN_reverse_iteratorlEvectorlEROOTcLcLTSchemaHelpercOallocatorlEROOTcLcLTSchemaHelpergRsPgRcLcLiteratorgR);
<    G__get_linked_tagnum_fwd(&G__THaScalDictLN_vectorlETVirtualArraymUcOallocatorlETVirtualArraymUgRsPgR);
<    G__get_linked_tagnum_fwd(&G__THaScalDictLN_reverse_iteratorlEvectorlETVirtualArraymUcOallocatorlETVirtualArraymUgRsPgRcLcLiteratorgR);
---
>    G__get_linked_tagnum_fwd(&G__THaScalDictLN_TString);
1815a1782
>    G__get_linked_tagnum_fwd(&G__THaScalDictLN_vectorlEunsignedsPintcOallocatorlEunsignedsPintgRsPgR);
1817c1784
<    G__tagtable_setup(G__get_linked_tagnum_fwd(&G__THaScalDictLN_THaScalerDB),sizeof(THaScalerDB),-1,265984,"Text-based time-dependent database for scaler map and directives",G__setup_memvarTHaScalerDB,G__setup_memfuncTHaScalerDB);
---
>    G__tagtable_setup(G__get_linked_tagnum(&G__THaScalDictLN_THaScalerDB),sizeof(THaScalerDB),-1,265984,"Text-based time-dependent database for scaler map and directives",G__setup_memvarTHaScalerDB,G__setup_memfuncTHaScalerDB);
1821c1788
<    G__tagtable_setup(G__get_linked_tagnum_fwd(&G__THaScalDictLN_THaScaler),sizeof(THaScaler),-1,327424,(char*)NULL,G__setup_memvarTHaScaler,G__setup_memfuncTHaScaler);
---
>    G__tagtable_setup(G__get_linked_tagnum(&G__THaScalDictLN_THaScaler),sizeof(THaScaler),-1,327424,(char*)NULL,G__setup_memvarTHaScaler,G__setup_memfuncTHaScaler);
1837d1803
<    G__get_linked_tagnum_fwd(&G__THaScalDictLN_maplEstringcOTObjArraymUcOlesslEstringgRcOallocatorlEpairlEconstsPstringcOTObjArraymUgRsPgRsPgR);
****** file: /adaqfs/home/a-onl/gmp/scaler/hana_scaler/THaScalDict.h ******
 
17,19c17
< #define G__PRIVATE_GVALUE
< #include "G__ci.h"
< #include "FastAllocString.h"
---
> #include "cint/G__ci.h"
48,49d45
< extern G__linked_taginfo G__THaScalDictLN_TString;
< extern G__linked_taginfo G__THaScalDictLN_vectorlEunsignedsPintcOallocatorlEunsignedsPintgRsPgR;
51,54c47
< extern G__linked_taginfo G__THaScalDictLN_vectorlEROOTcLcLTSchemaHelpercOallocatorlEROOTcLcLTSchemaHelpergRsPgR;
< extern G__linked_taginfo G__THaScalDictLN_reverse_iteratorlEvectorlEROOTcLcLTSchemaHelpercOallocatorlEROOTcLcLTSchemaHelpergRsPgRcLcLiteratorgR;
< extern G__linked_taginfo G__THaScalDictLN_vectorlETVirtualArraymUcOallocatorlETVirtualArraymUgRsPgR;
< extern G__linked_taginfo G__THaScalDictLN_reverse_iteratorlEvectorlETVirtualArraymUcOallocatorlETVirtualArraymUgRsPgRcLcLiteratorgR;
---
> extern G__linked_taginfo G__THaScalDictLN_TString;
58a52
> extern G__linked_taginfo G__THaScalDictLN_vectorlEunsignedsPintcOallocatorlEunsignedsPintgRsPgR;
80d73
< extern G__linked_taginfo G__THaScalDictLN_maplEstringcOTObjArraymUcOlesslEstringgRcOallocatorlEpairlEconstsPstringcOTObjArraymUgRsPgRsPgR;
****** file: /adaqfs/home/a-onl/gmp/scaler/hana_scaler/THaScaler.C ******
 
72a73,77
>   cout << "Bankgroup in THaScaler "<<bankgr<<endl;
>   if (bankgroup == "DVCS_ROC14" || bankgroup == "DVCS_ROC17") {
>     cout << "DVCS_ROC14/17 : use update time 4 sec for time base"<<endl;
>     SetTimeInterval(4);
>   }
175a181,184
>     { "DVCS_ROC14",  0xfa140000, 10, 140, 0, 105000, "129.57.192.80",  5024, 
>              0,1,2,3,4,5,6,7,8,9,10,11 },
>     { "DVCS_ROC17",  0xfa170000, 11, 140, 0, 105000, "129.57.192.80",  5024, 
>              0,1,2,3,4,5,6,7,8,9,10,11 },
181a191,192
>     //    { "bbite", 0xab100000, 12, 140, 8, 1024, "129.57.192.8",  1,2,3,4,5,6,7,8,9,10,11},
>     
200a212,217
>      if ( database->FindNoCase(bankgroup,"DVCS_ROC14") != std::string::npos) {
>           bank_to_find = "DVCS_ROC14"; 
>      }
>      if ( database->FindNoCase(bankgroup,"DVCS_ROC17") != std::string::npos) {
>           bank_to_find = "DVCS_ROC17"; 
>      }
209a227,231
>      //     if ( database->FindNoCase(bankgroup,"bbite") != std::string::npos) {
>      //          bank_to_find = "bbite"; 
>      //     }
> 
>      cout << "bank_to_find "<<bank_to_find<<endl;
515c537
<   int ibuf[16*MAXBLK];  /* need int instead of long, to match to 32bit server*/
---
>    long ibuf[16*MAXBLK]; 
537d558
<   int timeoutcnt=0;
549d569
<   cout << "connect to server "<<endl;
571d590
<        if (timeoutcnt++ > 50) break;
****** file: /adaqfs/home/a-onl/gmp/scaler/hana_scaler/THaScalerDB.C ******
 
31d30
< #include <stdlib.h>
106,110c105,108
<        bd.load(vsplit(sinput));
<        //       bd.Print();
<        if (dfound <= bd && bd <= bdate) {
<          found_date = true;  dfound = bd;
<        }
---
>      bd.load(vsplit(sinput));
>      if (dfound <= bd && bd <= bdate) {
>        found_date = true;  dfound = bd;
>      }
112a111
> 
130c129
<   	  LoadDirective(linetype); // otherwise its a "directive"
---
> 	  LoadDirective(linetype); // otherwise its a "directive"
174,179c173,178
<    if (sline.length() == 0) return "COMMENT";
<    if (sline.length() == AmtSpace(sline)) return "COMMENT";
<    size_t pos1 = FindNoCase(sline,sdate);
<    size_t pos2 = FindNoCase(sline,scomment);
<    if (pos1 != -1 ) { // date was found
<      if (pos2 != -1) {  // comment found
---
>    if ((Int_t)sline.length() == 0) return "COMMENT";
>    if ((Int_t)sline.length() == AmtSpace(sline)) return "COMMENT";
>    UInt_t pos1 = FindNoCase(sline,sdate);
>    UInt_t pos2 = FindNoCase(sline,scomment);
>    if (pos1 != std::string::npos) { // date was found
>      if (pos2 != std::string::npos) {  // comment found
187c186
<    if (pos2 == -1 || pos2 < fgnfar) {
---
>    if (pos2 == std::string::npos || pos2 < fgnfar) {
190c189
<      if (pos1 != -1) {
---
>      if (pos1 != std::string::npos) {
289,290c288,289
<   size_t pos1,pos2;
<   size_t index = 2;
---
>   UInt_t pos1,pos2;
>   UInt_t index = 2;
411c410
< size_t THaScalerDB::FindNoCase(const std::string sdata, const std::string skey) 
---
> UInt_t THaScalerDB::FindNoCase(const std::string sdata, const std::string skey) 
424d422
<   if (sdatalc.find(skeylc,0) == std::string::npos) return -1;
****** file: /adaqfs/home/a-onl/gmp/scaler/hana_scaler/THaScalerDB.h ******
 
16d15
< #include <stdlib.h>
238c237
<    size_t FindNoCase(const std::string s1, const std::string s2);
---
>    UInt_t FindNoCase(const std::string s1, const std::string s2);
****** file: /adaqfs/home/a-onl/gmp/scaler/hana_scaler/THaScalerGui.C ******
 
13c13
< //#define TESTONLY    1
---
> // #define TESTONLY    1
322,323d321
<   } else {
<     //    cout << "No error loading data online "<<endl;
333d330
<        //       cout << "getting FAKE data "<<slot<<"  "<<chan<<"  data = "<<count<<endl;
337d333
<        //       cout << "getting data "<<slot<<"  "<<chan<<"  data = "<<count<<endl;
****** file: /adaqfs/home/a-onl/gmp/scaler/hana_scaler/THaScalerGui.h ******
 
****** file: /adaqfs/home/a-onl/gmp/scaler/hana_scaler/THaScaler.h ******
 
****** file: /adaqfs/home/a-onl/gmp/scaler/hana_scaler/tscalasy_main.C ******
 
****** file: /adaqfs/home/a-onl/gmp/scaler/hana_scaler/tscaldtime_main.C ******
 
****** file: /adaqfs/home/a-onl/gmp/scaler/hana_scaler/tscalevt_main.C ******
 
****** file: /adaqfs/home/a-onl/gmp/scaler/hana_scaler/tscalfbk_main.C ******
 
****** file: /adaqfs/home/a-onl/gmp/scaler/hana_scaler/tscalfile_main.C ******
 
****** file: /adaqfs/home/a-onl/gmp/scaler/hana_scaler/tscalgui_main.C ******
 
34c34
<      if (bank != "Left" && bank != "LEFT" && bank != "Right" && bank != "RIGHT" && bank != "DVCS_CALO" ) {
---
>      if (bank != "Left" && bank != "LEFT" && bank != "Right" && bank != "RIGHT" && bank != "DVCS_ROC14" && bank != "DVCS_ROC17" ) {
36c36
<          return 1;
---
>          exit(0);
45a46,47
>    cout << "Starting xscaler with bank = "<<bank<<endl;
> 
55c57
<   cout << "where bank = `Left' or `Right' or 'DVCS_CALO'"<<endl;
---
>   cout << "where bank = `Left' or `Right' or 'DVCS_ROC14' or 'DVCS_ROC17'"<<endl;
****** file: /adaqfs/home/a-onl/gmp/scaler/hana_scaler/tscalhist_main.C ******
 
40a41,43
>    TH1F *h1 = new TH1F("h1","Time lost (sec)",1000,-200,2000);
>    TH1F *h2 = new TH1F("h2","Fraction of time lost",400,-0.1,1.1);
> 
42,43c45,47
< //                0   1    2    3   4   5   6   7   8   9  10    11
<    char cdata[]="run:time:u3:d10:ct1:ct2:ct3:ct4:ct5:ct6:ct7:ctacc";
---
> //                0   1    2    3   4   5   6   7   8   9  10    11  12  13  14
>    char cdata[]="run:time:u3:d10:ct1:ct2:ct3:ct4:ct5:ct6:ct7:ctacc:clk:clkp:clkm:tlost:tfrac";
>    // 15 16
49c53
<    Float_t farray_ntup[12];       // Note, dimension is same as size of string_ntup 
---
>    Float_t farray_ntup[17];       // Note, dimension is same as size of string_ntup 
69c73
<      for (int i = 0; i < 12; i++) farray_ntup[i] = 0;
---
>      for (int i = 0; i < 15; i++) farray_ntup[i] = 0;
74c78
<      cout << "        T1(Right)      T3(Left)       T5(coinc)"<<endl;
---
>      cout << "      T3(Left)       T5   "<<endl;
78,79c82,83
<      printf("%7.2f     %7.2f     %7.2f       %d       %d         %d\n",
< 	    time_sec/60, curr_u3, curr_d10, scaler.GetTrig(1), scaler.GetTrig(3),
---
>      printf("%7.2f     %7.2f     %7.2f               %d         %d\n",
> 	    time_sec/60, curr_u3, curr_d10,  scaler.GetTrig(3),
81,83c85,87
<      cout << "            T6               T7       Tot accepted"<<endl;
<      printf("             %d        %d      %d\n",
<           scaler.GetTrig(6), scaler.GetTrig(7),scaler.GetNormData(0,12));
---
>      //     cout << "            T6               T7       Tot accepted"<<endl;
>      //     printf("             %d        %d      %d\n",
>      //          scaler.GetTrig(6), scaler.GetTrig(7),scaler.GetNormData(0,12));
91a96,117
>      farray_ntup[12] = scaler.GetNormData(0,7);
>      farray_ntup[13] = scaler.GetNormData(1,7);
>      farray_ntup[14] = scaler.GetNormData(-1,7);
> 
>      cout << "Clocks "<<scaler.GetNormData(0,7)<<"  "<<scaler.GetNormData(1,7)<<"  "<<scaler.GetNormData(-1,7);
>      cout << "    Sum rule "<<scaler.GetNormData(0,7)-1.0699*(scaler.GetNormData(1,7)+scaler.GetNormData(-1,7));
>      cout << "    Fraction "<<(scaler.GetNormData(0,7)-1.0699*(scaler.GetNormData(1,7)+scaler.GetNormData(-1,7)))/(0.0001+scaler.GetNormData(0,7));
>      cout << "\n---------------------------------------------------------------"<<endl<<endl;
> 
>      Float_t tlost = (scaler.GetNormData(0,7)-1.0699*(scaler.GetNormData(1,7)+scaler.GetNormData(-1,7)))/1024.;
>      Float_t tfrac = (scaler.GetNormData(0,7)-1.0699*(scaler.GetNormData(1,7)+scaler.GetNormData(-1,7)))/(0.0001+scaler.GetNormData(0,7));
> 
>      farray_ntup[15] = tlost;  // better for DVCS beyond run 8384
>      farray_ntup[16] = tfrac;
> 
>      //    if (time_sec > 120 && tfrac > 0.1) exit(0);
> 
>      if (time_sec > 120) {
>         h1->Fill(tlost);
>         h2->Fill(tfrac);
>      }
> 
****** file: /adaqfs/home/a-onl/gmp/scaler/hana_scaler/tscalntup_main.C ******
 
37c37
<    int printout = 0;   // To printout lots of stuff (1) or not (0)
---
>    int printout = 1;   // To printout lots of stuff (1) or not (0)
70c70
< //                   0   1  2  3   4   5  6  7   8  9 10 11 12 13 12  13   14   15  16  17  18  19  20  21  22  23  24  25 26
---
> //                   0   1  2  3   4   5  6  7   8  9 10 11 12 13  14 15  16  17  18  19  20  21  22  23  24  25 26 27  28
72,73c72,74
< //                       27  28  29  30  31   32  33  34  35  36  37  38
<    char asymmetries[]="au1:au3:au10:ad1:ad3:ad10:at1:at2:at3:at4:at5:aclk:";
---
> //                     29  30  31   32  33  34    35  36  37  38  39  40   41  42   43    44   45
>    char asymmetries[]="au1:au3:au10:ad1:ad3:ad10:at1:at2:at3:at4:at5:aclk:clkd:bcmd:t5d:bcmrd:t5rd";
>    //             46  47   48 49   50  51  52  
82c83
<    Float_t farray_ntup[49];       // Note, dimension is same as size of string_ntup (i.e. nlen+1)
---
>    Float_t farray_ntup[54];       // Note, dimension is same as size of string_ntup (i.e. nlen+1)
116c117
<      Double_t time = scaler->GetPulser("clock")/1024;
---
>      Double_t time = scaler->GetPulser("Clock");
205c206,227
<        for (trig = 1; trig <= 7; trig++) farray_ntup[40+trig] = scaler->GetTrig(trig);
---
>       
>        Float_t clkc = scaler->GetPulser("clock")+0.00001;
>        Float_t bcmc = scaler->GetBcm("bcm_u3")+0.00001;
>        Float_t t5c = scaler->GetTrig(5)+0.00001;
>        Float_t bcmr = scaler->GetBcmRate("bcm_u3")+0.00001;
>        Float_t t5r = scaler->GetTrigRate(5)+0.00001;
> 
>        Float_t xcor = 1.06;
> 
>        farray_ntup[41] = (xcor*(scaler->GetPulser(1,"clock")+scaler->GetPulser(-1,"clock")) - clkc)/clkc;
>        farray_ntup[42] = (xcor*(scaler->GetBcm(1,"bcm_u3")+scaler->GetBcm(-1,"bcm_u3"))-bcmc)/bcmc;
>        farray_ntup[43] = (xcor*(scaler->GetTrig(1,5)+scaler->GetTrig(-1,5))-t5c)/t5c;
>        farray_ntup[44] = ((scaler->GetBcmRate(1,"bcm_u3")+scaler->GetBcmRate(-1,"bcm_u3"))-bcmr)/bcmr;
>        farray_ntup[45] = ((scaler->GetTrigRate(1,5)+scaler->GetTrigRate(-1,5))-t5r)/t5r;
>        
>        if (printout) {
>          cout << "Percent asyms ";
>          for (Int_t i = 41; i < 46; i++) cout << "  "<<farray_ntup[i];
>          cout << endl;
>        }
> 
>        for (trig = 1; trig <= 7; trig++) farray_ntup[45+trig] = scaler->GetTrig(trig);
****** file: /adaqfs/home/a-onl/gmp/scaler/hana_scaler/tscalonl_main.C ******
 
29,30d28
<    cout << "Test of online scalers "<<endl;
< 
33c31
<    scaler.Print();
---
> //   scaler.Print();
****** file: /adaqfs/home/a-onl/gmp/scaler/hana_scaler/tscalring_main.C ******
 
****** file: /adaqfs/home/a-onl/gmp/scaler/hana_scaler/tscalroc11_main.C ******
 
16c16
< #define PRINTOUT 0
---
> #define PRINTOUT 1
****** file: /adaqfs/home/a-onl/gmp/scaler/hana_scaler/x.C ******
 
****** file: /adaqfs/home/a-onl/gmp/scaler/hana_scaler/save_27feb11/haScal_LinkDef.h ******
 
****** file: /adaqfs/home/a-onl/gmp/scaler/hana_scaler/save_27feb11/Makefile ******
 
****** file: /adaqfs/home/a-onl/gmp/scaler/hana_scaler/save_27feb11/THaScalDict.C ******
 
****** file: /adaqfs/home/a-onl/gmp/scaler/hana_scaler/save_27feb11/THaScalDict.h ******
 
****** file: /adaqfs/home/a-onl/gmp/scaler/hana_scaler/save_27feb11/THaScaler.C ******
 
****** file: /adaqfs/home/a-onl/gmp/scaler/hana_scaler/save_27feb11/THaScalerDB.C ******
 
****** file: /adaqfs/home/a-onl/gmp/scaler/hana_scaler/save_27feb11/THaScalerDB.h ******
 
****** file: /adaqfs/home/a-onl/gmp/scaler/hana_scaler/save_27feb11/THaScalerGui.C ******
 
****** file: /adaqfs/home/a-onl/gmp/scaler/hana_scaler/save_27feb11/THaScalerGui.h ******
 
****** file: /adaqfs/home/a-onl/gmp/scaler/hana_scaler/save_27feb11/THaScaler.h ******
 
****** file: /adaqfs/home/a-onl/gmp/scaler/hana_scaler/save_27feb11/tscalasy_main.C ******
 
****** file: /adaqfs/home/a-onl/gmp/scaler/hana_scaler/save_27feb11/tscaldtime_main.C ******
 
****** file: /adaqfs/home/a-onl/gmp/scaler/hana_scaler/save_27feb11/tscalevt_main.C ******
 
****** file: /adaqfs/home/a-onl/gmp/scaler/hana_scaler/save_27feb11/tscalfbk_main.C ******
 
****** file: /adaqfs/home/a-onl/gmp/scaler/hana_scaler/save_27feb11/tscalfile_main.C ******
 
****** file: /adaqfs/home/a-onl/gmp/scaler/hana_scaler/save_27feb11/tscalgui_main.C ******
 
****** file: /adaqfs/home/a-onl/gmp/scaler/hana_scaler/save_27feb11/tscalhist_main.C ******
 
****** file: /adaqfs/home/a-onl/gmp/scaler/hana_scaler/save_27feb11/tscalntup_main.C ******
 
****** file: /adaqfs/home/a-onl/gmp/scaler/hana_scaler/save_27feb11/tscalonl_main.C ******
 
****** file: /adaqfs/home/a-onl/gmp/scaler/hana_scaler/save_27feb11/tscalring_main.C ******
 
****** file: /adaqfs/home/a-onl/gmp/scaler/hana_scaler/save_27feb11/tscalroc11_main.C ******
 
****** file: /adaqfs/home/a-onl/gmp/scaler/hana_scaler/save_27feb11/x.C ******
 
